Start testing: Mar 29 11:11 Central Standard Time (Mexico)
----------------------------------------------------------
1/403 Testing: zorba_excel_module/excel/datetime/date/excel_date1.xq
1/403 Test: zorba_excel_module/excel/datetime/date/excel_date1.xq
Command: "C:/Users/juanza/Zorba/Zorba/trunk/zorba/build/test/rbkt/Release/testdriver.exe" "--rbkt-src" "C:/Users/juanza/Zorba/modules/excel/test" "--module-path" "C:/Users/juanza/Zorba/modules/excel/src/;C:/Users/juanza/Zorba/modules/excel/build/src/" "excel/datetime/date/excel_date1.xq"
Directory: C:/Users/juanza/Zorba/modules/excel/build
"zorba_excel_module/excel/datetime/date/excel_date1.xq" start time: Mar 29 11:11 Central Standard Time (Mexico)
Output:
----------------------------------------------------------
i: 1, argc: 6
i: 3, argc: 6
i: 5, argc: 6
test excel/datetime/date/excel_date1
Hello C:/Users/juanza/Zorba/modules/excel/src/
Goodbyte C:/Users/juanza/Zorba/modules/excel/build/src/
=== Query: ===
import module namespace
excel-datetime = "http://www.zorba-xquery.com/modules/excel/datetime";

excel-datetime:date(1999,12,31)

=== end of Query ===
=== Result: ===
1999-12-31
=== end of result ===
testdriver: success (non-canonical result # 1 matches)
testdriver: test runtime was 282000us
testdriver: success
<end of output>
Test time =   0.75 sec
----------------------------------------------------------
Test Passed.
"zorba_excel_module/excel/datetime/date/excel_date1.xq" end time: Mar 29 11:11 Central Standard Time (Mexico)
"zorba_excel_module/excel/datetime/date/excel_date1.xq" time elapsed: 00:00:00
----------------------------------------------------------

2/403 Testing: zorba_excel_module/excel/datetime/date/excel_date2.xq
2/403 Test: zorba_excel_module/excel/datetime/date/excel_date2.xq
Command: "C:/Users/juanza/Zorba/Zorba/trunk/zorba/build/test/rbkt/Release/testdriver.exe" "--rbkt-src" "C:/Users/juanza/Zorba/modules/excel/test" "--module-path" "C:/Users/juanza/Zorba/modules/excel/src/;C:/Users/juanza/Zorba/modules/excel/build/src/" "excel/datetime/date/excel_date2.xq"
Directory: C:/Users/juanza/Zorba/modules/excel/build
"zorba_excel_module/excel/datetime/date/excel_date2.xq" start time: Mar 29 11:11 Central Standard Time (Mexico)
Output:
----------------------------------------------------------
i: 1, argc: 6
i: 3, argc: 6
i: 5, argc: 6
test excel/datetime/date/excel_date2
Hello C:/Users/juanza/Zorba/modules/excel/src/
Goodbyte C:/Users/juanza/Zorba/modules/excel/build/src/
=== Query: ===
import module namespace
excel-datetime = "http://www.zorba-xquery.com/modules/excel/datetime";

excel-datetime:date(1999,1,31)

=== end of Query ===
=== Result: ===
1999-01-31
=== end of result ===
testdriver: success (non-canonical result # 1 matches)
testdriver: test runtime was 64000us
testdriver: success
<end of output>
Test time =   0.23 sec
----------------------------------------------------------
Test Passed.
"zorba_excel_module/excel/datetime/date/excel_date2.xq" end time: Mar 29 11:11 Central Standard Time (Mexico)
"zorba_excel_module/excel/datetime/date/excel_date2.xq" time elapsed: 00:00:00
----------------------------------------------------------

3/403 Testing: zorba_excel_module/excel/datetime/day/excel_day1.xq
3/403 Test: zorba_excel_module/excel/datetime/day/excel_day1.xq
Command: "C:/Users/juanza/Zorba/Zorba/trunk/zorba/build/test/rbkt/Release/testdriver.exe" "--rbkt-src" "C:/Users/juanza/Zorba/modules/excel/test" "--module-path" "C:/Users/juanza/Zorba/modules/excel/src/;C:/Users/juanza/Zorba/modules/excel/build/src/" "excel/datetime/day/excel_day1.xq"
Directory: C:/Users/juanza/Zorba/modules/excel/build
"zorba_excel_module/excel/datetime/day/excel_day1.xq" start time: Mar 29 11:11 Central Standard Time (Mexico)
Output:
----------------------------------------------------------
i: 1, argc: 6
i: 3, argc: 6
i: 5, argc: 6
test excel/datetime/day/excel_day1
Hello C:/Users/juanza/Zorba/modules/excel/src/
Goodbyte C:/Users/juanza/Zorba/modules/excel/build/src/
=== Query: ===
import module namespace
excel-datetime = "http://www.zorba-xquery.com/modules/excel/datetime";

excel-datetime:day(xs:date("1999-05-31-05:00"))
=== end of Query ===
=== Result: ===
31
=== end of result ===
testdriver: success (non-canonical result # 1 matches)
testdriver: test runtime was 60000us
testdriver: success
<end of output>
Test time =   0.19 sec
----------------------------------------------------------
Test Passed.
"zorba_excel_module/excel/datetime/day/excel_day1.xq" end time: Mar 29 11:11 Central Standard Time (Mexico)
"zorba_excel_module/excel/datetime/day/excel_day1.xq" time elapsed: 00:00:00
----------------------------------------------------------

4/403 Testing: zorba_excel_module/excel/datetime/days360/excel_days3601.xq
4/403 Test: zorba_excel_module/excel/datetime/days360/excel_days3601.xq
Command: "C:/Users/juanza/Zorba/Zorba/trunk/zorba/build/test/rbkt/Release/testdriver.exe" "--rbkt-src" "C:/Users/juanza/Zorba/modules/excel/test" "--module-path" "C:/Users/juanza/Zorba/modules/excel/src/;C:/Users/juanza/Zorba/modules/excel/build/src/" "excel/datetime/days360/excel_days3601.xq"
Directory: C:/Users/juanza/Zorba/modules/excel/build
"zorba_excel_module/excel/datetime/days360/excel_days3601.xq" start time: Mar 29 11:11 Central Standard Time (Mexico)
Output:
----------------------------------------------------------
i: 1, argc: 6
i: 3, argc: 6
i: 5, argc: 6
test excel/datetime/days360/excel_days3601
Hello C:/Users/juanza/Zorba/modules/excel/src/
Goodbyte C:/Users/juanza/Zorba/modules/excel/build/src/
=== Query: ===
import module namespace
excel-datetime = "http://www.zorba-xquery.com/modules/excel/datetime";

excel-datetime:days360(xs:date("2008-01-05"), xs:date("2008-03-31"), fn:false())
=== end of Query ===
=== Result: ===
86
=== end of result ===
testdriver: success (non-canonical result # 1 matches)
testdriver: test runtime was 49000us
testdriver: success
<end of output>
Test time =   0.17 sec
----------------------------------------------------------
Test Passed.
"zorba_excel_module/excel/datetime/days360/excel_days3601.xq" end time: Mar 29 11:11 Central Standard Time (Mexico)
"zorba_excel_module/excel/datetime/days360/excel_days3601.xq" time elapsed: 00:00:00
----------------------------------------------------------

5/403 Testing: zorba_excel_module/excel/datetime/days360/excel_days3602.xq
5/403 Test: zorba_excel_module/excel/datetime/days360/excel_days3602.xq
Command: "C:/Users/juanza/Zorba/Zorba/trunk/zorba/build/test/rbkt/Release/testdriver.exe" "--rbkt-src" "C:/Users/juanza/Zorba/modules/excel/test" "--module-path" "C:/Users/juanza/Zorba/modules/excel/src/;C:/Users/juanza/Zorba/modules/excel/build/src/" "excel/datetime/days360/excel_days3602.xq"
Directory: C:/Users/juanza/Zorba/modules/excel/build
"zorba_excel_module/excel/datetime/days360/excel_days3602.xq" start time: Mar 29 11:11 Central Standard Time (Mexico)
Output:
----------------------------------------------------------
i: 1, argc: 6
i: 3, argc: 6
i: 5, argc: 6
test excel/datetime/days360/excel_days3602
Hello C:/Users/juanza/Zorba/modules/excel/src/
Goodbyte C:/Users/juanza/Zorba/modules/excel/build/src/
=== Query: ===
import module namespace
excel-datetime = "http://www.zorba-xquery.com/modules/excel/datetime";

excel-datetime:days360(xs:date("2008-01-05"), xs:date("2008-03-31"), fn:true())
=== end of Query ===
=== Result: ===
85
=== end of result ===
testdriver: success (non-canonical result # 1 matches)
testdriver: test runtime was 48000us
testdriver: success
<end of output>
Test time =   0.17 sec
----------------------------------------------------------
Test Passed.
"zorba_excel_module/excel/datetime/days360/excel_days3602.xq" end time: Mar 29 11:11 Central Standard Time (Mexico)
"zorba_excel_module/excel/datetime/days360/excel_days3602.xq" time elapsed: 00:00:00
----------------------------------------------------------

6/403 Testing: zorba_excel_module/excel/datetime/days360/excel_days3603.xq
6/403 Test: zorba_excel_module/excel/datetime/days360/excel_days3603.xq
Command: "C:/Users/juanza/Zorba/Zorba/trunk/zorba/build/test/rbkt/Release/testdriver.exe" "--rbkt-src" "C:/Users/juanza/Zorba/modules/excel/test" "--module-path" "C:/Users/juanza/Zorba/modules/excel/src/;C:/Users/juanza/Zorba/modules/excel/build/src/" "excel/datetime/days360/excel_days3603.xq"
Directory: C:/Users/juanza/Zorba/modules/excel/build
"zorba_excel_module/excel/datetime/days360/excel_days3603.xq" start time: Mar 29 11:11 Central Standard Time (Mexico)
Output:
----------------------------------------------------------
i: 1, argc: 6
i: 3, argc: 6
i: 5, argc: 6
test excel/datetime/days360/excel_days3603
Hello C:/Users/juanza/Zorba/modules/excel/src/
Goodbyte C:/Users/juanza/Zorba/modules/excel/build/src/
=== Query: ===
import module namespace
excel-datetime = "http://www.zorba-xquery.com/modules/excel/datetime";

excel-datetime:days360(xs:date("2008-05-03"), xs:date("2008-03-31"), fn:false())
=== end of Query ===
=== Result: ===
-32
=== end of result ===
testdriver: success (non-canonical result # 1 matches)
testdriver: test runtime was 58000us
testdriver: success
<end of output>
Test time =   0.19 sec
----------------------------------------------------------
Test Passed.
"zorba_excel_module/excel/datetime/days360/excel_days3603.xq" end time: Mar 29 11:11 Central Standard Time (Mexico)
"zorba_excel_module/excel/datetime/days360/excel_days3603.xq" time elapsed: 00:00:00
----------------------------------------------------------

7/403 Testing: zorba_excel_module/excel/datetime/days360/excel_days3604.xq
7/403 Test: zorba_excel_module/excel/datetime/days360/excel_days3604.xq
Command: "C:/Users/juanza/Zorba/Zorba/trunk/zorba/build/test/rbkt/Release/testdriver.exe" "--rbkt-src" "C:/Users/juanza/Zorba/modules/excel/test" "--module-path" "C:/Users/juanza/Zorba/modules/excel/src/;C:/Users/juanza/Zorba/modules/excel/build/src/" "excel/datetime/days360/excel_days3604.xq"
Directory: C:/Users/juanza/Zorba/modules/excel/build
"zorba_excel_module/excel/datetime/days360/excel_days3604.xq" start time: Mar 29 11:11 Central Standard Time (Mexico)
Output:
----------------------------------------------------------
i: 1, argc: 6
i: 3, argc: 6
i: 5, argc: 6
test excel/datetime/days360/excel_days3604
Hello C:/Users/juanza/Zorba/modules/excel/src/
Goodbyte C:/Users/juanza/Zorba/modules/excel/build/src/
=== Query: ===
import module namespace
excel-datetime = "http://www.zorba-xquery.com/modules/excel/datetime";

excel-datetime:days360(xs:date("2008-05-03"), xs:date("2008-03-31"), fn:true())
=== end of Query ===
=== Result: ===
-33
=== end of result ===
testdriver: success (non-canonical result # 1 matches)
testdriver: test runtime was 55000us
testdriver: success
<end of output>
Test time =   0.19 sec
----------------------------------------------------------
Test Passed.
"zorba_excel_module/excel/datetime/days360/excel_days3604.xq" end time: Mar 29 11:11 Central Standard Time (Mexico)
"zorba_excel_module/excel/datetime/days360/excel_days3604.xq" time elapsed: 00:00:00
----------------------------------------------------------

8/403 Testing: zorba_excel_module/excel/datetime/days360/excel_days3605.xq
8/403 Test: zorba_excel_module/excel/datetime/days360/excel_days3605.xq
Command: "C:/Users/juanza/Zorba/Zorba/trunk/zorba/build/test/rbkt/Release/testdriver.exe" "--rbkt-src" "C:/Users/juanza/Zorba/modules/excel/test" "--module-path" "C:/Users/juanza/Zorba/modules/excel/src/;C:/Users/juanza/Zorba/modules/excel/build/src/" "excel/datetime/days360/excel_days3605.xq"
Directory: C:/Users/juanza/Zorba/modules/excel/build
"zorba_excel_module/excel/datetime/days360/excel_days3605.xq" start time: Mar 29 11:11 Central Standard Time (Mexico)
Output:
----------------------------------------------------------
i: 1, argc: 6
i: 3, argc: 6
i: 5, argc: 6
test excel/datetime/days360/excel_days3605
Hello C:/Users/juanza/Zorba/modules/excel/src/
Goodbyte C:/Users/juanza/Zorba/modules/excel/build/src/
=== Query: ===
import module namespace
excel-datetime = "http://www.zorba-xquery.com/modules/excel/datetime";

excel-datetime:days360(xs:date("2008-01-05"), xs:date("2008-03-31"))
=== end of Query ===
=== Result: ===
86
=== end of result ===
testdriver: success (non-canonical result # 1 matches)
testdriver: test runtime was 53000us
testdriver: success
<end of output>
Test time =   0.19 sec
----------------------------------------------------------
Test Passed.
"zorba_excel_module/excel/datetime/days360/excel_days3605.xq" end time: Mar 29 11:11 Central Standard Time (Mexico)
"zorba_excel_module/excel/datetime/days360/excel_days3605.xq" time elapsed: 00:00:00
----------------------------------------------------------

9/403 Testing: zorba_excel_module/excel/datetime/days360/excel_days3606.xq
9/403 Test: zorba_excel_module/excel/datetime/days360/excel_days3606.xq
Command: "C:/Users/juanza/Zorba/Zorba/trunk/zorba/build/test/rbkt/Release/testdriver.exe" "--rbkt-src" "C:/Users/juanza/Zorba/modules/excel/test" "--module-path" "C:/Users/juanza/Zorba/modules/excel/src/;C:/Users/juanza/Zorba/modules/excel/build/src/" "excel/datetime/days360/excel_days3606.xq"
Directory: C:/Users/juanza/Zorba/modules/excel/build
"zorba_excel_module/excel/datetime/days360/excel_days3606.xq" start time: Mar 29 11:11 Central Standard Time (Mexico)
Output:
----------------------------------------------------------
i: 1, argc: 6
i: 3, argc: 6
i: 5, argc: 6
test excel/datetime/days360/excel_days3606
Hello C:/Users/juanza/Zorba/modules/excel/src/
Goodbyte C:/Users/juanza/Zorba/modules/excel/build/src/
=== Query: ===
import module namespace
excel-datetime = "http://www.zorba-xquery.com/modules/excel/datetime";

excel-datetime:days360(xs:date("2008-05-03"), xs:date("2008-03-31"))
=== end of Query ===
=== Result: ===
-32
=== end of result ===
testdriver: success (non-canonical result # 1 matches)
testdriver: test runtime was 54000us
testdriver: success
<end of output>
Test time =   0.20 sec
----------------------------------------------------------
Test Passed.
"zorba_excel_module/excel/datetime/days360/excel_days3606.xq" end time: Mar 29 11:11 Central Standard Time (Mexico)
"zorba_excel_module/excel/datetime/days360/excel_days3606.xq" time elapsed: 00:00:00
----------------------------------------------------------

10/403 Testing: zorba_excel_module/excel/datetime/hour/excel_hour1.xq
10/403 Test: zorba_excel_module/excel/datetime/hour/excel_hour1.xq
Command: "C:/Users/juanza/Zorba/Zorba/trunk/zorba/build/test/rbkt/Release/testdriver.exe" "--rbkt-src" "C:/Users/juanza/Zorba/modules/excel/test" "--module-path" "C:/Users/juanza/Zorba/modules/excel/src/;C:/Users/juanza/Zorba/modules/excel/build/src/" "excel/datetime/hour/excel_hour1.xq"
Directory: C:/Users/juanza/Zorba/modules/excel/build
"zorba_excel_module/excel/datetime/hour/excel_hour1.xq" start time: Mar 29 11:11 Central Standard Time (Mexico)
Output:
----------------------------------------------------------
i: 1, argc: 6
i: 3, argc: 6
i: 5, argc: 6
test excel/datetime/hour/excel_hour1
Hello C:/Users/juanza/Zorba/modules/excel/src/
Goodbyte C:/Users/juanza/Zorba/modules/excel/build/src/
=== Query: ===
import module namespace
excel-datetime = "http://www.zorba-xquery.com/modules/excel/datetime";

excel-datetime:hour(xs:time("03:30:30.300"))

=== end of Query ===
=== Result: ===
3
=== end of result ===
testdriver: success (non-canonical result # 1 matches)
testdriver: test runtime was 44000us
testdriver: success
<end of output>
Test time =   0.17 sec
----------------------------------------------------------
Test Passed.
"zorba_excel_module/excel/datetime/hour/excel_hour1.xq" end time: Mar 29 11:11 Central Standard Time (Mexico)
"zorba_excel_module/excel/datetime/hour/excel_hour1.xq" time elapsed: 00:00:00
----------------------------------------------------------

11/403 Testing: zorba_excel_module/excel/datetime/hour/excel_hour2.xq
11/403 Test: zorba_excel_module/excel/datetime/hour/excel_hour2.xq
Command: "C:/Users/juanza/Zorba/Zorba/trunk/zorba/build/test/rbkt/Release/testdriver.exe" "--rbkt-src" "C:/Users/juanza/Zorba/modules/excel/test" "--module-path" "C:/Users/juanza/Zorba/modules/excel/src/;C:/Users/juanza/Zorba/modules/excel/build/src/" "excel/datetime/hour/excel_hour2.xq"
Directory: C:/Users/juanza/Zorba/modules/excel/build
"zorba_excel_module/excel/datetime/hour/excel_hour2.xq" start time: Mar 29 11:11 Central Standard Time (Mexico)
Output:
----------------------------------------------------------
i: 1, argc: 6
i: 3, argc: 6
i: 5, argc: 6
test excel/datetime/hour/excel_hour2
Hello C:/Users/juanza/Zorba/modules/excel/src/
Goodbyte C:/Users/juanza/Zorba/modules/excel/build/src/
=== Query: ===
import module namespace
excel-datetime = "http://www.zorba-xquery.com/modules/excel/datetime";

excel-datetime:hour(xs:time("15:30:30"))

=== end of Query ===
=== Result: ===
15
=== end of result ===
testdriver: success (non-canonical result # 1 matches)
testdriver: test runtime was 57000us
testdriver: success
<end of output>
Test time =   0.20 sec
----------------------------------------------------------
Test Passed.
"zorba_excel_module/excel/datetime/hour/excel_hour2.xq" end time: Mar 29 11:11 Central Standard Time (Mexico)
"zorba_excel_module/excel/datetime/hour/excel_hour2.xq" time elapsed: 00:00:00
----------------------------------------------------------

12/403 Testing: zorba_excel_module/excel/datetime/hour/excel_hour3.xq
12/403 Test: zorba_excel_module/excel/datetime/hour/excel_hour3.xq
Command: "C:/Users/juanza/Zorba/Zorba/trunk/zorba/build/test/rbkt/Release/testdriver.exe" "--rbkt-src" "C:/Users/juanza/Zorba/modules/excel/test" "--module-path" "C:/Users/juanza/Zorba/modules/excel/src/;C:/Users/juanza/Zorba/modules/excel/build/src/" "excel/datetime/hour/excel_hour3.xq"
Directory: C:/Users/juanza/Zorba/modules/excel/build
"zorba_excel_module/excel/datetime/hour/excel_hour3.xq" start time: Mar 29 11:11 Central Standard Time (Mexico)
Output:
----------------------------------------------------------
i: 1, argc: 6
i: 3, argc: 6
i: 5, argc: 6
test excel/datetime/hour/excel_hour3
Hello C:/Users/juanza/Zorba/modules/excel/src/
Goodbyte C:/Users/juanza/Zorba/modules/excel/build/src/
=== Query: ===
import module namespace
excel-datetime = "http://www.zorba-xquery.com/modules/excel/datetime";

excel-datetime:hour(xs:time("15:30:00"))

=== end of Query ===
=== Result: ===
15
=== end of result ===
testdriver: success (non-canonical result # 1 matches)
testdriver: test runtime was 46000us
testdriver: success
<end of output>
Test time =   0.18 sec
----------------------------------------------------------
Test Passed.
"zorba_excel_module/excel/datetime/hour/excel_hour3.xq" end time: Mar 29 11:11 Central Standard Time (Mexico)
"zorba_excel_module/excel/datetime/hour/excel_hour3.xq" time elapsed: 00:00:00
----------------------------------------------------------

13/403 Testing: zorba_excel_module/excel/datetime/minute/excel_minute1.xq
13/403 Test: zorba_excel_module/excel/datetime/minute/excel_minute1.xq
Command: "C:/Users/juanza/Zorba/Zorba/trunk/zorba/build/test/rbkt/Release/testdriver.exe" "--rbkt-src" "C:/Users/juanza/Zorba/modules/excel/test" "--module-path" "C:/Users/juanza/Zorba/modules/excel/src/;C:/Users/juanza/Zorba/modules/excel/build/src/" "excel/datetime/minute/excel_minute1.xq"
Directory: C:/Users/juanza/Zorba/modules/excel/build
"zorba_excel_module/excel/datetime/minute/excel_minute1.xq" start time: Mar 29 11:11 Central Standard Time (Mexico)
Output:
----------------------------------------------------------
i: 1, argc: 6
i: 3, argc: 6
i: 5, argc: 6
test excel/datetime/minute/excel_minute1
Hello C:/Users/juanza/Zorba/modules/excel/src/
Goodbyte C:/Users/juanza/Zorba/modules/excel/build/src/
=== Query: ===
import module namespace
excel-datetime = "http://www.zorba-xquery.com/modules/excel/datetime";

excel-datetime:minute(xs:time("16:48:00"))

=== end of Query ===
=== Result: ===
48
=== end of result ===
testdriver: success (non-canonical result # 1 matches)
testdriver: test runtime was 48000us
testdriver: success
<end of output>
Test time =   0.18 sec
----------------------------------------------------------
Test Passed.
"zorba_excel_module/excel/datetime/minute/excel_minute1.xq" end time: Mar 29 11:11 Central Standard Time (Mexico)
"zorba_excel_module/excel/datetime/minute/excel_minute1.xq" time elapsed: 00:00:00
----------------------------------------------------------

14/403 Testing: zorba_excel_module/excel/datetime/month/excel_month1.xq
14/403 Test: zorba_excel_module/excel/datetime/month/excel_month1.xq
Command: "C:/Users/juanza/Zorba/Zorba/trunk/zorba/build/test/rbkt/Release/testdriver.exe" "--rbkt-src" "C:/Users/juanza/Zorba/modules/excel/test" "--module-path" "C:/Users/juanza/Zorba/modules/excel/src/;C:/Users/juanza/Zorba/modules/excel/build/src/" "excel/datetime/month/excel_month1.xq"
Directory: C:/Users/juanza/Zorba/modules/excel/build
"zorba_excel_module/excel/datetime/month/excel_month1.xq" start time: Mar 29 11:11 Central Standard Time (Mexico)
Output:
----------------------------------------------------------
i: 1, argc: 6
i: 3, argc: 6
i: 5, argc: 6
test excel/datetime/month/excel_month1
Hello C:/Users/juanza/Zorba/modules/excel/src/
Goodbyte C:/Users/juanza/Zorba/modules/excel/build/src/
=== Query: ===
import module namespace
excel-datetime = "http://www.zorba-xquery.com/modules/excel/datetime";

excel-datetime:month(xs:date("1999-05-31-05:00"))

=== end of Query ===
=== Result: ===
5
=== end of result ===
testdriver: success (non-canonical result # 1 matches)
testdriver: test runtime was 67000us
testdriver: success
<end of output>
Test time =   0.20 sec
----------------------------------------------------------
Test Passed.
"zorba_excel_module/excel/datetime/month/excel_month1.xq" end time: Mar 29 11:11 Central Standard Time (Mexico)
"zorba_excel_module/excel/datetime/month/excel_month1.xq" time elapsed: 00:00:00
----------------------------------------------------------

15/403 Testing: zorba_excel_module/excel/datetime/networkdays/excel_networkdays1.xq
15/403 Test: zorba_excel_module/excel/datetime/networkdays/excel_networkdays1.xq
Command: "C:/Users/juanza/Zorba/Zorba/trunk/zorba/build/test/rbkt/Release/testdriver.exe" "--rbkt-src" "C:/Users/juanza/Zorba/modules/excel/test" "--module-path" "C:/Users/juanza/Zorba/modules/excel/src/;C:/Users/juanza/Zorba/modules/excel/build/src/" "excel/datetime/networkdays/excel_networkdays1.xq"
Directory: C:/Users/juanza/Zorba/modules/excel/build
"zorba_excel_module/excel/datetime/networkdays/excel_networkdays1.xq" start time: Mar 29 11:11 Central Standard Time (Mexico)
Output:
----------------------------------------------------------
i: 1, argc: 6
i: 3, argc: 6
i: 5, argc: 6
test excel/datetime/networkdays/excel_networkdays1
Hello C:/Users/juanza/Zorba/modules/excel/src/
Goodbyte C:/Users/juanza/Zorba/modules/excel/build/src/
=== Query: ===
import module namespace
excel-datetime = "http://www.zorba-xquery.com/modules/excel/datetime";

excel-datetime:networkdays(xs:date("2008-10-01"), xs:date("2009-03-01"))

=== end of Query ===
=== Result: ===
108
=== end of result ===
testdriver: success (non-canonical result # 1 matches)
testdriver: test runtime was 70000us
testdriver: success
<end of output>
Test time =   0.20 sec
----------------------------------------------------------
Test Passed.
"zorba_excel_module/excel/datetime/networkdays/excel_networkdays1.xq" end time: Mar 29 11:11 Central Standard Time (Mexico)
"zorba_excel_module/excel/datetime/networkdays/excel_networkdays1.xq" time elapsed: 00:00:00
----------------------------------------------------------

16/403 Testing: zorba_excel_module/excel/datetime/networkdays/excel_networkdays2.xq
16/403 Test: zorba_excel_module/excel/datetime/networkdays/excel_networkdays2.xq
Command: "C:/Users/juanza/Zorba/Zorba/trunk/zorba/build/test/rbkt/Release/testdriver.exe" "--rbkt-src" "C:/Users/juanza/Zorba/modules/excel/test" "--module-path" "C:/Users/juanza/Zorba/modules/excel/src/;C:/Users/juanza/Zorba/modules/excel/build/src/" "excel/datetime/networkdays/excel_networkdays2.xq"
Directory: C:/Users/juanza/Zorba/modules/excel/build
"zorba_excel_module/excel/datetime/networkdays/excel_networkdays2.xq" start time: Mar 29 11:11 Central Standard Time (Mexico)
Output:
----------------------------------------------------------
i: 1, argc: 6
i: 3, argc: 6
i: 5, argc: 6
test excel/datetime/networkdays/excel_networkdays2
Hello C:/Users/juanza/Zorba/modules/excel/src/
Goodbyte C:/Users/juanza/Zorba/modules/excel/build/src/
=== Query: ===
import module namespace
excel-datetime = "http://www.zorba-xquery.com/modules/excel/datetime";

excel-datetime:networkdays(xs:date("2008-10-01"), xs:date("2009-03-01"),())

=== end of Query ===
=== Result: ===
108
=== end of result ===
testdriver: success (non-canonical result # 1 matches)
testdriver: test runtime was 50000us
testdriver: success
<end of output>
Test time =   0.19 sec
----------------------------------------------------------
Test Passed.
"zorba_excel_module/excel/datetime/networkdays/excel_networkdays2.xq" end time: Mar 29 11:11 Central Standard Time (Mexico)
"zorba_excel_module/excel/datetime/networkdays/excel_networkdays2.xq" time elapsed: 00:00:00
----------------------------------------------------------

17/403 Testing: zorba_excel_module/excel/datetime/networkdays/excel_networkdays3.xq
17/403 Test: zorba_excel_module/excel/datetime/networkdays/excel_networkdays3.xq
Command: "C:/Users/juanza/Zorba/Zorba/trunk/zorba/build/test/rbkt/Release/testdriver.exe" "--rbkt-src" "C:/Users/juanza/Zorba/modules/excel/test" "--module-path" "C:/Users/juanza/Zorba/modules/excel/src/;C:/Users/juanza/Zorba/modules/excel/build/src/" "excel/datetime/networkdays/excel_networkdays3.xq"
Directory: C:/Users/juanza/Zorba/modules/excel/build
"zorba_excel_module/excel/datetime/networkdays/excel_networkdays3.xq" start time: Mar 29 11:11 Central Standard Time (Mexico)
Output:
----------------------------------------------------------
i: 1, argc: 6
i: 3, argc: 6
i: 5, argc: 6
test excel/datetime/networkdays/excel_networkdays3
Hello C:/Users/juanza/Zorba/modules/excel/src/
Goodbyte C:/Users/juanza/Zorba/modules/excel/build/src/
=== Query: ===
import module namespace
excel-datetime = "http://www.zorba-xquery.com/modules/excel/datetime";

excel-datetime:networkdays(xs:date("2008-10-01"), xs:date("2009-03-01"),
(xs:date("2008-11-26"),xs:date("2008-12-04"),xs:date("2009-01-21")))

=== end of Query ===
=== Result: ===
105
=== end of result ===
testdriver: success (non-canonical result # 1 matches)
testdriver: test runtime was 60000us
testdriver: success
<end of output>
Test time =   0.20 sec
----------------------------------------------------------
Test Passed.
"zorba_excel_module/excel/datetime/networkdays/excel_networkdays3.xq" end time: Mar 29 11:11 Central Standard Time (Mexico)
"zorba_excel_module/excel/datetime/networkdays/excel_networkdays3.xq" time elapsed: 00:00:00
----------------------------------------------------------

18/403 Testing: zorba_excel_module/excel/datetime/second/excel_second1.xq
18/403 Test: zorba_excel_module/excel/datetime/second/excel_second1.xq
Command: "C:/Users/juanza/Zorba/Zorba/trunk/zorba/build/test/rbkt/Release/testdriver.exe" "--rbkt-src" "C:/Users/juanza/Zorba/modules/excel/test" "--module-path" "C:/Users/juanza/Zorba/modules/excel/src/;C:/Users/juanza/Zorba/modules/excel/build/src/" "excel/datetime/second/excel_second1.xq"
Directory: C:/Users/juanza/Zorba/modules/excel/build
"zorba_excel_module/excel/datetime/second/excel_second1.xq" start time: Mar 29 11:11 Central Standard Time (Mexico)
Output:
----------------------------------------------------------
i: 1, argc: 6
i: 3, argc: 6
i: 5, argc: 6
test excel/datetime/second/excel_second1
Hello C:/Users/juanza/Zorba/modules/excel/src/
Goodbyte C:/Users/juanza/Zorba/modules/excel/build/src/
=== Query: ===
import module namespace
excel-datetime = "http://www.zorba-xquery.com/modules/excel/datetime";

excel-datetime:second(xs:time("13:20:10.5"))

=== end of Query ===
=== Result: ===
10.5
=== end of result ===
testdriver: success (non-canonical result # 1 matches)
testdriver: test runtime was 50000us
testdriver: success
<end of output>
Test time =   0.19 sec
----------------------------------------------------------
Test Passed.
"zorba_excel_module/excel/datetime/second/excel_second1.xq" end time: Mar 29 11:11 Central Standard Time (Mexico)
"zorba_excel_module/excel/datetime/second/excel_second1.xq" time elapsed: 00:00:00
----------------------------------------------------------

19/403 Testing: zorba_excel_module/excel/datetime/time/excel_time1.xq
19/403 Test: zorba_excel_module/excel/datetime/time/excel_time1.xq
Command: "C:/Users/juanza/Zorba/Zorba/trunk/zorba/build/test/rbkt/Release/testdriver.exe" "--rbkt-src" "C:/Users/juanza/Zorba/modules/excel/test" "--module-path" "C:/Users/juanza/Zorba/modules/excel/src/;C:/Users/juanza/Zorba/modules/excel/build/src/" "excel/datetime/time/excel_time1.xq"
Directory: C:/Users/juanza/Zorba/modules/excel/build
"zorba_excel_module/excel/datetime/time/excel_time1.xq" start time: Mar 29 11:11 Central Standard Time (Mexico)
Output:
----------------------------------------------------------
i: 1, argc: 6
i: 3, argc: 6
i: 5, argc: 6
test excel/datetime/time/excel_time1
Hello C:/Users/juanza/Zorba/modules/excel/src/
Goodbyte C:/Users/juanza/Zorba/modules/excel/build/src/
=== Query: ===
import module namespace
excel-datetime = "http://www.zorba-xquery.com/modules/excel/datetime";

excel-datetime:time(23,0,0)
=== end of Query ===
=== Result: ===
23:00:00
=== end of result ===
testdriver: success (non-canonical result # 1 matches)
testdriver: test runtime was 60000us
testdriver: success
<end of output>
Test time =   0.19 sec
----------------------------------------------------------
Test Passed.
"zorba_excel_module/excel/datetime/time/excel_time1.xq" end time: Mar 29 11:11 Central Standard Time (Mexico)
"zorba_excel_module/excel/datetime/time/excel_time1.xq" time elapsed: 00:00:00
----------------------------------------------------------

20/403 Testing: zorba_excel_module/excel/datetime/time/excel_time2.xq
20/403 Test: zorba_excel_module/excel/datetime/time/excel_time2.xq
Command: "C:/Users/juanza/Zorba/Zorba/trunk/zorba/build/test/rbkt/Release/testdriver.exe" "--rbkt-src" "C:/Users/juanza/Zorba/modules/excel/test" "--module-path" "C:/Users/juanza/Zorba/modules/excel/src/;C:/Users/juanza/Zorba/modules/excel/build/src/" "excel/datetime/time/excel_time2.xq"
Directory: C:/Users/juanza/Zorba/modules/excel/build
"zorba_excel_module/excel/datetime/time/excel_time2.xq" start time: Mar 29 11:11 Central Standard Time (Mexico)
Output:
----------------------------------------------------------
i: 1, argc: 6
i: 3, argc: 6
i: 5, argc: 6
test excel/datetime/time/excel_time2
Hello C:/Users/juanza/Zorba/modules/excel/src/
Goodbyte C:/Users/juanza/Zorba/modules/excel/build/src/
=== Query: ===
import module namespace
excel-datetime = "http://www.zorba-xquery.com/modules/excel/datetime";

excel-datetime:time(23,4,3)

=== end of Query ===
=== Result: ===
23:04:03
=== end of result ===
testdriver: success (non-canonical result # 1 matches)
testdriver: test runtime was 40000us
testdriver: success
<end of output>
Test time =   0.16 sec
----------------------------------------------------------
Test Passed.
"zorba_excel_module/excel/datetime/time/excel_time2.xq" end time: Mar 29 11:11 Central Standard Time (Mexico)
"zorba_excel_module/excel/datetime/time/excel_time2.xq" time elapsed: 00:00:00
----------------------------------------------------------

21/403 Testing: zorba_excel_module/excel/datetime/weekday/excel_weekday1.xq
21/403 Test: zorba_excel_module/excel/datetime/weekday/excel_weekday1.xq
Command: "C:/Users/juanza/Zorba/Zorba/trunk/zorba/build/test/rbkt/Release/testdriver.exe" "--rbkt-src" "C:/Users/juanza/Zorba/modules/excel/test" "--module-path" "C:/Users/juanza/Zorba/modules/excel/src/;C:/Users/juanza/Zorba/modules/excel/build/src/" "excel/datetime/weekday/excel_weekday1.xq"
Directory: C:/Users/juanza/Zorba/modules/excel/build
"zorba_excel_module/excel/datetime/weekday/excel_weekday1.xq" start time: Mar 29 11:11 Central Standard Time (Mexico)
Output:
----------------------------------------------------------
i: 1, argc: 6
i: 3, argc: 6
i: 5, argc: 6
test excel/datetime/weekday/excel_weekday1
Hello C:/Users/juanza/Zorba/modules/excel/src/
Goodbyte C:/Users/juanza/Zorba/modules/excel/build/src/
=== Query: ===
import module namespace
excel-datetime = "http://www.zorba-xquery.com/modules/excel/datetime";

excel-datetime:weekday(xs:date("2008-02-14"))

=== end of Query ===
=== Result: ===
5
=== end of result ===
testdriver: success (non-canonical result # 1 matches)
testdriver: test runtime was 50000us
testdriver: success
<end of output>
Test time =   0.15 sec
----------------------------------------------------------
Test Passed.
"zorba_excel_module/excel/datetime/weekday/excel_weekday1.xq" end time: Mar 29 11:11 Central Standard Time (Mexico)
"zorba_excel_module/excel/datetime/weekday/excel_weekday1.xq" time elapsed: 00:00:00
----------------------------------------------------------

22/403 Testing: zorba_excel_module/excel/datetime/weekday/excel_weekday2.xq
22/403 Test: zorba_excel_module/excel/datetime/weekday/excel_weekday2.xq
Command: "C:/Users/juanza/Zorba/Zorba/trunk/zorba/build/test/rbkt/Release/testdriver.exe" "--rbkt-src" "C:/Users/juanza/Zorba/modules/excel/test" "--module-path" "C:/Users/juanza/Zorba/modules/excel/src/;C:/Users/juanza/Zorba/modules/excel/build/src/" "excel/datetime/weekday/excel_weekday2.xq"
Directory: C:/Users/juanza/Zorba/modules/excel/build
"zorba_excel_module/excel/datetime/weekday/excel_weekday2.xq" start time: Mar 29 11:11 Central Standard Time (Mexico)
Output:
----------------------------------------------------------
i: 1, argc: 6
i: 3, argc: 6
i: 5, argc: 6
test excel/datetime/weekday/excel_weekday2
Hello C:/Users/juanza/Zorba/modules/excel/src/
Goodbyte C:/Users/juanza/Zorba/modules/excel/build/src/
=== Query: ===
import module namespace
excel-datetime = "http://www.zorba-xquery.com/modules/excel/datetime";

excel-datetime:weekday(xs:date("2008-02-14"),2)

=== end of Query ===
=== Result: ===
4
=== end of result ===
testdriver: success (non-canonical result # 1 matches)
testdriver: test runtime was 40000us
testdriver: success
<end of output>
Test time =   0.16 sec
----------------------------------------------------------
Test Passed.
"zorba_excel_module/excel/datetime/weekday/excel_weekday2.xq" end time: Mar 29 11:11 Central Standard Time (Mexico)
"zorba_excel_module/excel/datetime/weekday/excel_weekday2.xq" time elapsed: 00:00:00
----------------------------------------------------------

23/403 Testing: zorba_excel_module/excel/datetime/weekday/excel_weekday3.xq
23/403 Test: zorba_excel_module/excel/datetime/weekday/excel_weekday3.xq
Command: "C:/Users/juanza/Zorba/Zorba/trunk/zorba/build/test/rbkt/Release/testdriver.exe" "--rbkt-src" "C:/Users/juanza/Zorba/modules/excel/test" "--module-path" "C:/Users/juanza/Zorba/modules/excel/src/;C:/Users/juanza/Zorba/modules/excel/build/src/" "excel/datetime/weekday/excel_weekday3.xq"
Directory: C:/Users/juanza/Zorba/modules/excel/build
"zorba_excel_module/excel/datetime/weekday/excel_weekday3.xq" start time: Mar 29 11:11 Central Standard Time (Mexico)
Output:
----------------------------------------------------------
i: 1, argc: 6
i: 3, argc: 6
i: 5, argc: 6
test excel/datetime/weekday/excel_weekday3
Hello C:/Users/juanza/Zorba/modules/excel/src/
Goodbyte C:/Users/juanza/Zorba/modules/excel/build/src/
=== Query: ===
import module namespace
excel-datetime = "http://www.zorba-xquery.com/modules/excel/datetime";

excel-datetime:weekday(xs:date("2008-02-14"),3)

=== end of Query ===
=== Result: ===
3
=== end of result ===
testdriver: success (non-canonical result # 1 matches)
testdriver: test runtime was 50000us
testdriver: success
<end of output>
Test time =   0.18 sec
----------------------------------------------------------
Test Passed.
"zorba_excel_module/excel/datetime/weekday/excel_weekday3.xq" end time: Mar 29 11:11 Central Standard Time (Mexico)
"zorba_excel_module/excel/datetime/weekday/excel_weekday3.xq" time elapsed: 00:00:00
----------------------------------------------------------

24/403 Testing: zorba_excel_module/excel/datetime/weekday/excel_weekday4.xq
24/403 Test: zorba_excel_module/excel/datetime/weekday/excel_weekday4.xq
Command: "C:/Users/juanza/Zorba/Zorba/trunk/zorba/build/test/rbkt/Release/testdriver.exe" "--rbkt-src" "C:/Users/juanza/Zorba/modules/excel/test" "--module-path" "C:/Users/juanza/Zorba/modules/excel/src/;C:/Users/juanza/Zorba/modules/excel/build/src/" "excel/datetime/weekday/excel_weekday4.xq"
Directory: C:/Users/juanza/Zorba/modules/excel/build
"zorba_excel_module/excel/datetime/weekday/excel_weekday4.xq" start time: Mar 29 11:11 Central Standard Time (Mexico)
Output:
----------------------------------------------------------
i: 1, argc: 6
i: 3, argc: 6
i: 5, argc: 6
test excel/datetime/weekday/excel_weekday4
Hello C:/Users/juanza/Zorba/modules/excel/src/
Goodbyte C:/Users/juanza/Zorba/modules/excel/build/src/
=== Query: ===
import module namespace
excel-datetime = "http://www.zorba-xquery.com/modules/excel/datetime";

excel-datetime:weekday(xs:date("2008-02-10"))

=== end of Query ===
=== Result: ===
1
=== end of result ===
testdriver: success (non-canonical result # 1 matches)
testdriver: test runtime was 50000us
testdriver: success
<end of output>
Test time =   0.19 sec
----------------------------------------------------------
Test Passed.
"zorba_excel_module/excel/datetime/weekday/excel_weekday4.xq" end time: Mar 29 11:11 Central Standard Time (Mexico)
"zorba_excel_module/excel/datetime/weekday/excel_weekday4.xq" time elapsed: 00:00:00
----------------------------------------------------------

25/403 Testing: zorba_excel_module/excel/datetime/weekday/excel_weekday5.xq
25/403 Test: zorba_excel_module/excel/datetime/weekday/excel_weekday5.xq
Command: "C:/Users/juanza/Zorba/Zorba/trunk/zorba/build/test/rbkt/Release/testdriver.exe" "--rbkt-src" "C:/Users/juanza/Zorba/modules/excel/test" "--module-path" "C:/Users/juanza/Zorba/modules/excel/src/;C:/Users/juanza/Zorba/modules/excel/build/src/" "excel/datetime/weekday/excel_weekday5.xq"
Directory: C:/Users/juanza/Zorba/modules/excel/build
"zorba_excel_module/excel/datetime/weekday/excel_weekday5.xq" start time: Mar 29 11:11 Central Standard Time (Mexico)
Output:
----------------------------------------------------------
i: 1, argc: 6
i: 3, argc: 6
i: 5, argc: 6
test excel/datetime/weekday/excel_weekday5
Hello C:/Users/juanza/Zorba/modules/excel/src/
Goodbyte C:/Users/juanza/Zorba/modules/excel/build/src/
=== Query: ===
import module namespace
excel-datetime = "http://www.zorba-xquery.com/modules/excel/datetime";

excel-datetime:weekday(xs:date("2008-02-10"),2)

=== end of Query ===
=== Result: ===
7
=== end of result ===
testdriver: success (non-canonical result # 1 matches)
testdriver: test runtime was 50000us
testdriver: success
<end of output>
Test time =   0.19 sec
----------------------------------------------------------
Test Passed.
"zorba_excel_module/excel/datetime/weekday/excel_weekday5.xq" end time: Mar 29 11:11 Central Standard Time (Mexico)
"zorba_excel_module/excel/datetime/weekday/excel_weekday5.xq" time elapsed: 00:00:00
----------------------------------------------------------

26/403 Testing: zorba_excel_module/excel/datetime/weekday/excel_weekday6.xq
26/403 Test: zorba_excel_module/excel/datetime/weekday/excel_weekday6.xq
Command: "C:/Users/juanza/Zorba/Zorba/trunk/zorba/build/test/rbkt/Release/testdriver.exe" "--rbkt-src" "C:/Users/juanza/Zorba/modules/excel/test" "--module-path" "C:/Users/juanza/Zorba/modules/excel/src/;C:/Users/juanza/Zorba/modules/excel/build/src/" "excel/datetime/weekday/excel_weekday6.xq"
Directory: C:/Users/juanza/Zorba/modules/excel/build
"zorba_excel_module/excel/datetime/weekday/excel_weekday6.xq" start time: Mar 29 11:11 Central Standard Time (Mexico)
Output:
----------------------------------------------------------
i: 1, argc: 6
i: 3, argc: 6
i: 5, argc: 6
test excel/datetime/weekday/excel_weekday6
Hello C:/Users/juanza/Zorba/modules/excel/src/
Goodbyte C:/Users/juanza/Zorba/modules/excel/build/src/
=== Query: ===
import module namespace
excel-datetime = "http://www.zorba-xquery.com/modules/excel/datetime";

excel-datetime:weekday(xs:date("2008-02-10"),3)

=== end of Query ===
=== Result: ===
6
=== end of result ===
testdriver: success (non-canonical result # 1 matches)
testdriver: test runtime was 50000us
testdriver: success
<end of output>
Test time =   0.17 sec
----------------------------------------------------------
Test Passed.
"zorba_excel_module/excel/datetime/weekday/excel_weekday6.xq" end time: Mar 29 11:11 Central Standard Time (Mexico)
"zorba_excel_module/excel/datetime/weekday/excel_weekday6.xq" time elapsed: 00:00:00
----------------------------------------------------------

27/403 Testing: zorba_excel_module/excel/datetime/weekday/excel_weekday7.xq
27/403 Test: zorba_excel_module/excel/datetime/weekday/excel_weekday7.xq
Command: "C:/Users/juanza/Zorba/Zorba/trunk/zorba/build/test/rbkt/Release/testdriver.exe" "--rbkt-src" "C:/Users/juanza/Zorba/modules/excel/test" "--module-path" "C:/Users/juanza/Zorba/modules/excel/src/;C:/Users/juanza/Zorba/modules/excel/build/src/" "excel/datetime/weekday/excel_weekday7.xq"
Directory: C:/Users/juanza/Zorba/modules/excel/build
"zorba_excel_module/excel/datetime/weekday/excel_weekday7.xq" start time: Mar 29 11:11 Central Standard Time (Mexico)
Output:
----------------------------------------------------------
i: 1, argc: 6
i: 3, argc: 6
i: 5, argc: 6
test excel/datetime/weekday/excel_weekday7
Hello C:/Users/juanza/Zorba/modules/excel/src/
Goodbyte C:/Users/juanza/Zorba/modules/excel/build/src/
=== Query: ===
import module namespace
excel-datetime = "http://www.zorba-xquery.com/modules/excel/datetime";

excel-datetime:weekday(xs:date("2008-02-14"),4)

=== end of Query ===
The following execution error occurred as expected:
XQP0021: Provided number must be in range [1,3][line 328][column 5][file C:/Users/juanza/Zorba/zorbatrunk/modules/com/zorba-xquery/www/modules/excel/datetime.xq]
testdriver: test runtime was 50000us
testdriver: success
<end of output>
Test time =   0.20 sec
----------------------------------------------------------
Test Passed.
"zorba_excel_module/excel/datetime/weekday/excel_weekday7.xq" end time: Mar 29 11:11 Central Standard Time (Mexico)
"zorba_excel_module/excel/datetime/weekday/excel_weekday7.xq" time elapsed: 00:00:00
----------------------------------------------------------

28/403 Testing: zorba_excel_module/excel/datetime/year/excel_year1.xq
28/403 Test: zorba_excel_module/excel/datetime/year/excel_year1.xq
Command: "C:/Users/juanza/Zorba/Zorba/trunk/zorba/build/test/rbkt/Release/testdriver.exe" "--rbkt-src" "C:/Users/juanza/Zorba/modules/excel/test" "--module-path" "C:/Users/juanza/Zorba/modules/excel/src/;C:/Users/juanza/Zorba/modules/excel/build/src/" "excel/datetime/year/excel_year1.xq"
Directory: C:/Users/juanza/Zorba/modules/excel/build
"zorba_excel_module/excel/datetime/year/excel_year1.xq" start time: Mar 29 11:11 Central Standard Time (Mexico)
Output:
----------------------------------------------------------
i: 1, argc: 6
i: 3, argc: 6
i: 5, argc: 6
test excel/datetime/year/excel_year1
Hello C:/Users/juanza/Zorba/modules/excel/src/
Goodbyte C:/Users/juanza/Zorba/modules/excel/build/src/
=== Query: ===
import module namespace
excel-datetime = "http://www.zorba-xquery.com/modules/excel/datetime";

excel-datetime:year(xs:date("1999-05-31"))

=== end of Query ===
=== Result: ===
1999
=== end of result ===
testdriver: success (non-canonical result # 1 matches)
testdriver: test runtime was 40000us
testdriver: success
<end of output>
Test time =   0.18 sec
----------------------------------------------------------
Test Passed.
"zorba_excel_module/excel/datetime/year/excel_year1.xq" end time: Mar 29 11:11 Central Standard Time (Mexico)
"zorba_excel_module/excel/datetime/year/excel_year1.xq" time elapsed: 00:00:00
----------------------------------------------------------

29/403 Testing: zorba_excel_module/excel/engineering/bin2dec/excel_bin2dec1.xq
29/403 Test: zorba_excel_module/excel/engineering/bin2dec/excel_bin2dec1.xq
Command: "C:/Users/juanza/Zorba/Zorba/trunk/zorba/build/test/rbkt/Release/testdriver.exe" "--rbkt-src" "C:/Users/juanza/Zorba/modules/excel/test" "--module-path" "C:/Users/juanza/Zorba/modules/excel/src/;C:/Users/juanza/Zorba/modules/excel/build/src/" "excel/engineering/bin2dec/excel_bin2dec1.xq"
Directory: C:/Users/juanza/Zorba/modules/excel/build
"zorba_excel_module/excel/engineering/bin2dec/excel_bin2dec1.xq" start time: Mar 29 11:11 Central Standard Time (Mexico)
Output:
----------------------------------------------------------
i: 1, argc: 6
i: 3, argc: 6
i: 5, argc: 6
test excel/engineering/bin2dec/excel_bin2dec1
Hello C:/Users/juanza/Zorba/modules/excel/src/
Goodbyte C:/Users/juanza/Zorba/modules/excel/build/src/
=== Query: ===
import module namespace
excel-engineering = "http://www.zorba-xquery.com/modules/excel/engineering";

excel-engineering:bin2dec("1100100")
=== end of Query ===
=== Result: ===
100
=== end of result ===
testdriver: success (non-canonical result # 1 matches)
testdriver: test runtime was 70000us
testdriver: success
<end of output>
Test time =   0.20 sec
----------------------------------------------------------
Test Passed.
"zorba_excel_module/excel/engineering/bin2dec/excel_bin2dec1.xq" end time: Mar 29 11:11 Central Standard Time (Mexico)
"zorba_excel_module/excel/engineering/bin2dec/excel_bin2dec1.xq" time elapsed: 00:00:00
----------------------------------------------------------

30/403 Testing: zorba_excel_module/excel/engineering/bin2dec/excel_bin2dec2.xq
30/403 Test: zorba_excel_module/excel/engineering/bin2dec/excel_bin2dec2.xq
Command: "C:/Users/juanza/Zorba/Zorba/trunk/zorba/build/test/rbkt/Release/testdriver.exe" "--rbkt-src" "C:/Users/juanza/Zorba/modules/excel/test" "--module-path" "C:/Users/juanza/Zorba/modules/excel/src/;C:/Users/juanza/Zorba/modules/excel/build/src/" "excel/engineering/bin2dec/excel_bin2dec2.xq"
Directory: C:/Users/juanza/Zorba/modules/excel/build
"zorba_excel_module/excel/engineering/bin2dec/excel_bin2dec2.xq" start time: Mar 29 11:11 Central Standard Time (Mexico)
Output:
----------------------------------------------------------
i: 1, argc: 6
i: 3, argc: 6
i: 5, argc: 6
test excel/engineering/bin2dec/excel_bin2dec2
Hello C:/Users/juanza/Zorba/modules/excel/src/
Goodbyte C:/Users/juanza/Zorba/modules/excel/build/src/
=== Query: ===
import module namespace
excel-engineering = "http://www.zorba-xquery.com/modules/excel/engineering";

excel-engineering:bin2dec("1111111111")  

=== end of Query ===
=== Result: ===
-1
=== end of result ===
testdriver: success (non-canonical result # 1 matches)
testdriver: test runtime was 60000us
testdriver: success
<end of output>
Test time =   0.20 sec
----------------------------------------------------------
Test Passed.
"zorba_excel_module/excel/engineering/bin2dec/excel_bin2dec2.xq" end time: Mar 29 11:11 Central Standard Time (Mexico)
"zorba_excel_module/excel/engineering/bin2dec/excel_bin2dec2.xq" time elapsed: 00:00:00
----------------------------------------------------------

31/403 Testing: zorba_excel_module/excel/engineering/bin2dec/excel_bin2dec3.xq
31/403 Test: zorba_excel_module/excel/engineering/bin2dec/excel_bin2dec3.xq
Command: "C:/Users/juanza/Zorba/Zorba/trunk/zorba/build/test/rbkt/Release/testdriver.exe" "--rbkt-src" "C:/Users/juanza/Zorba/modules/excel/test" "--module-path" "C:/Users/juanza/Zorba/modules/excel/src/;C:/Users/juanza/Zorba/modules/excel/build/src/" "excel/engineering/bin2dec/excel_bin2dec3.xq"
Directory: C:/Users/juanza/Zorba/modules/excel/build
"zorba_excel_module/excel/engineering/bin2dec/excel_bin2dec3.xq" start time: Mar 29 11:11 Central Standard Time (Mexico)
Output:
----------------------------------------------------------
i: 1, argc: 6
i: 3, argc: 6
i: 5, argc: 6
test excel/engineering/bin2dec/excel_bin2dec3
Hello C:/Users/juanza/Zorba/modules/excel/src/
Goodbyte C:/Users/juanza/Zorba/modules/excel/build/src/
=== Query: ===
import module namespace
excel-engineering = "http://www.zorba-xquery.com/modules/excel/engineering";

excel-engineering:bin2dec("11111111110")  

=== end of Query ===
The following execution error occurred as expected:
XQP0021: Number contains more than 10 characters[line 518][column 5][file C:/Users/juanza/Zorba/zorbatrunk/modules/com/zorba-xquery/www/modules/excel/engineering.xq]
testdriver: test runtime was 60000us
testdriver: success
<end of output>
Test time =   0.21 sec
----------------------------------------------------------
Test Passed.
"zorba_excel_module/excel/engineering/bin2dec/excel_bin2dec3.xq" end time: Mar 29 11:11 Central Standard Time (Mexico)
"zorba_excel_module/excel/engineering/bin2dec/excel_bin2dec3.xq" time elapsed: 00:00:00
----------------------------------------------------------

32/403 Testing: zorba_excel_module/excel/engineering/bin2dec/excel_bin2dec4.xq
32/403 Test: zorba_excel_module/excel/engineering/bin2dec/excel_bin2dec4.xq
Command: "C:/Users/juanza/Zorba/Zorba/trunk/zorba/build/test/rbkt/Release/testdriver.exe" "--rbkt-src" "C:/Users/juanza/Zorba/modules/excel/test" "--module-path" "C:/Users/juanza/Zorba/modules/excel/src/;C:/Users/juanza/Zorba/modules/excel/build/src/" "excel/engineering/bin2dec/excel_bin2dec4.xq"
Directory: C:/Users/juanza/Zorba/modules/excel/build
"zorba_excel_module/excel/engineering/bin2dec/excel_bin2dec4.xq" start time: Mar 29 11:11 Central Standard Time (Mexico)
Output:
----------------------------------------------------------
i: 1, argc: 6
i: 3, argc: 6
i: 5, argc: 6
test excel/engineering/bin2dec/excel_bin2dec4
Hello C:/Users/juanza/Zorba/modules/excel/src/
Goodbyte C:/Users/juanza/Zorba/modules/excel/build/src/
=== Query: ===
import module namespace
excel-engineering = "http://www.zorba-xquery.com/modules/excel/engineering";

excel-engineering:bin2dec("2111111111")  

=== end of Query ===
The following execution error occurred as expected:
XQP0021: Provided string is not a binary representation of a number[line 516][column 5][file C:/Users/juanza/Zorba/zorbatrunk/modules/com/zorba-xquery/www/modules/excel/engineering.xq]
testdriver: test runtime was 60000us
testdriver: success
<end of output>
Test time =   0.20 sec
----------------------------------------------------------
Test Passed.
"zorba_excel_module/excel/engineering/bin2dec/excel_bin2dec4.xq" end time: Mar 29 11:11 Central Standard Time (Mexico)
"zorba_excel_module/excel/engineering/bin2dec/excel_bin2dec4.xq" time elapsed: 00:00:00
----------------------------------------------------------

33/403 Testing: zorba_excel_module/excel/engineering/bin2hex/excel_bin2hex1.xq
33/403 Test: zorba_excel_module/excel/engineering/bin2hex/excel_bin2hex1.xq
Command: "C:/Users/juanza/Zorba/Zorba/trunk/zorba/build/test/rbkt/Release/testdriver.exe" "--rbkt-src" "C:/Users/juanza/Zorba/modules/excel/test" "--module-path" "C:/Users/juanza/Zorba/modules/excel/src/;C:/Users/juanza/Zorba/modules/excel/build/src/" "excel/engineering/bin2hex/excel_bin2hex1.xq"
Directory: C:/Users/juanza/Zorba/modules/excel/build
"zorba_excel_module/excel/engineering/bin2hex/excel_bin2hex1.xq" start time: Mar 29 11:11 Central Standard Time (Mexico)
Output:
----------------------------------------------------------
i: 1, argc: 6
i: 3, argc: 6
i: 5, argc: 6
test excel/engineering/bin2hex/excel_bin2hex1
Hello C:/Users/juanza/Zorba/modules/excel/src/
Goodbyte C:/Users/juanza/Zorba/modules/excel/build/src/
=== Query: ===
import module namespace
excel-engineering = "http://www.zorba-xquery.com/modules/excel/engineering";

excel-engineering:bin2hex(11111011, 4)

=== end of Query ===
=== Result: ===
00FB
=== end of result ===
testdriver: success (non-canonical result # 1 matches)
testdriver: test runtime was 80000us
testdriver: success
<end of output>
Test time =   0.21 sec
----------------------------------------------------------
Test Passed.
"zorba_excel_module/excel/engineering/bin2hex/excel_bin2hex1.xq" end time: Mar 29 11:11 Central Standard Time (Mexico)
"zorba_excel_module/excel/engineering/bin2hex/excel_bin2hex1.xq" time elapsed: 00:00:00
----------------------------------------------------------

34/403 Testing: zorba_excel_module/excel/engineering/bin2hex/excel_bin2hex2.xq
34/403 Test: zorba_excel_module/excel/engineering/bin2hex/excel_bin2hex2.xq
Command: "C:/Users/juanza/Zorba/Zorba/trunk/zorba/build/test/rbkt/Release/testdriver.exe" "--rbkt-src" "C:/Users/juanza/Zorba/modules/excel/test" "--module-path" "C:/Users/juanza/Zorba/modules/excel/src/;C:/Users/juanza/Zorba/modules/excel/build/src/" "excel/engineering/bin2hex/excel_bin2hex2.xq"
Directory: C:/Users/juanza/Zorba/modules/excel/build
"zorba_excel_module/excel/engineering/bin2hex/excel_bin2hex2.xq" start time: Mar 29 11:11 Central Standard Time (Mexico)
Output:
----------------------------------------------------------
i: 1, argc: 6
i: 3, argc: 6
i: 5, argc: 6
test excel/engineering/bin2hex/excel_bin2hex2
Hello C:/Users/juanza/Zorba/modules/excel/src/
Goodbyte C:/Users/juanza/Zorba/modules/excel/build/src/
=== Query: ===
import module namespace
excel-engineering = "http://www.zorba-xquery.com/modules/excel/engineering";

excel-engineering:bin2hex(1110)

=== end of Query ===
=== Result: ===
E
=== end of result ===
testdriver: success (non-canonical result # 1 matches)
testdriver: test runtime was 60000us
testdriver: success
<end of output>
Test time =   0.19 sec
----------------------------------------------------------
Test Passed.
"zorba_excel_module/excel/engineering/bin2hex/excel_bin2hex2.xq" end time: Mar 29 11:11 Central Standard Time (Mexico)
"zorba_excel_module/excel/engineering/bin2hex/excel_bin2hex2.xq" time elapsed: 00:00:00
----------------------------------------------------------

35/403 Testing: zorba_excel_module/excel/engineering/bin2hex/excel_bin2hex3.xq
35/403 Test: zorba_excel_module/excel/engineering/bin2hex/excel_bin2hex3.xq
Command: "C:/Users/juanza/Zorba/Zorba/trunk/zorba/build/test/rbkt/Release/testdriver.exe" "--rbkt-src" "C:/Users/juanza/Zorba/modules/excel/test" "--module-path" "C:/Users/juanza/Zorba/modules/excel/src/;C:/Users/juanza/Zorba/modules/excel/build/src/" "excel/engineering/bin2hex/excel_bin2hex3.xq"
Directory: C:/Users/juanza/Zorba/modules/excel/build
"zorba_excel_module/excel/engineering/bin2hex/excel_bin2hex3.xq" start time: Mar 29 11:11 Central Standard Time (Mexico)
Output:
----------------------------------------------------------
i: 1, argc: 6
i: 3, argc: 6
i: 5, argc: 6
test excel/engineering/bin2hex/excel_bin2hex3
Hello C:/Users/juanza/Zorba/modules/excel/src/
Goodbyte C:/Users/juanza/Zorba/modules/excel/build/src/
=== Query: ===
import module namespace
excel-engineering = "http://www.zorba-xquery.com/modules/excel/engineering";

excel-engineering:bin2hex(1111111111)

=== end of Query ===
=== Result: ===
FFFFFFFFFF
=== end of result ===
testdriver: success (non-canonical result # 1 matches)
testdriver: test runtime was 80000us
testdriver: success
<end of output>
Test time =   0.20 sec
----------------------------------------------------------
Test Passed.
"zorba_excel_module/excel/engineering/bin2hex/excel_bin2hex3.xq" end time: Mar 29 11:11 Central Standard Time (Mexico)
"zorba_excel_module/excel/engineering/bin2hex/excel_bin2hex3.xq" time elapsed: 00:00:00
----------------------------------------------------------

36/403 Testing: zorba_excel_module/excel/engineering/bin2oct/excel_bin2oct1.xq
36/403 Test: zorba_excel_module/excel/engineering/bin2oct/excel_bin2oct1.xq
Command: "C:/Users/juanza/Zorba/Zorba/trunk/zorba/build/test/rbkt/Release/testdriver.exe" "--rbkt-src" "C:/Users/juanza/Zorba/modules/excel/test" "--module-path" "C:/Users/juanza/Zorba/modules/excel/src/;C:/Users/juanza/Zorba/modules/excel/build/src/" "excel/engineering/bin2oct/excel_bin2oct1.xq"
Directory: C:/Users/juanza/Zorba/modules/excel/build
"zorba_excel_module/excel/engineering/bin2oct/excel_bin2oct1.xq" start time: Mar 29 11:11 Central Standard Time (Mexico)
Output:
----------------------------------------------------------
i: 1, argc: 6
i: 3, argc: 6
i: 5, argc: 6
test excel/engineering/bin2oct/excel_bin2oct1
Hello C:/Users/juanza/Zorba/modules/excel/src/
Goodbyte C:/Users/juanza/Zorba/modules/excel/build/src/
=== Query: ===
import module namespace
excel-engineering = "http://www.zorba-xquery.com/modules/excel/engineering";

excel-engineering:bin2oct(1001,3)

=== end of Query ===
=== Result: ===
011
=== end of result ===
testdriver: success (non-canonical result # 1 matches)
testdriver: test runtime was 80000us
testdriver: success
<end of output>
Test time =   0.22 sec
----------------------------------------------------------
Test Passed.
"zorba_excel_module/excel/engineering/bin2oct/excel_bin2oct1.xq" end time: Mar 29 11:11 Central Standard Time (Mexico)
"zorba_excel_module/excel/engineering/bin2oct/excel_bin2oct1.xq" time elapsed: 00:00:00
----------------------------------------------------------

37/403 Testing: zorba_excel_module/excel/engineering/bin2oct/excel_bin2oct2.xq
37/403 Test: zorba_excel_module/excel/engineering/bin2oct/excel_bin2oct2.xq
Command: "C:/Users/juanza/Zorba/Zorba/trunk/zorba/build/test/rbkt/Release/testdriver.exe" "--rbkt-src" "C:/Users/juanza/Zorba/modules/excel/test" "--module-path" "C:/Users/juanza/Zorba/modules/excel/src/;C:/Users/juanza/Zorba/modules/excel/build/src/" "excel/engineering/bin2oct/excel_bin2oct2.xq"
Directory: C:/Users/juanza/Zorba/modules/excel/build
"zorba_excel_module/excel/engineering/bin2oct/excel_bin2oct2.xq" start time: Mar 29 11:11 Central Standard Time (Mexico)
Output:
----------------------------------------------------------
i: 1, argc: 6
i: 3, argc: 6
i: 5, argc: 6
test excel/engineering/bin2oct/excel_bin2oct2
Hello C:/Users/juanza/Zorba/modules/excel/src/
Goodbyte C:/Users/juanza/Zorba/modules/excel/build/src/
=== Query: ===
import module namespace
excel-engineering = "http://www.zorba-xquery.com/modules/excel/engineering";

excel-engineering:bin2oct(1100100)
=== end of Query ===
=== Result: ===
144
=== end of result ===
testdriver: success (non-canonical result # 1 matches)
testdriver: test runtime was 70000us
testdriver: success
<end of output>
Test time =   0.21 sec
----------------------------------------------------------
Test Passed.
"zorba_excel_module/excel/engineering/bin2oct/excel_bin2oct2.xq" end time: Mar 29 11:11 Central Standard Time (Mexico)
"zorba_excel_module/excel/engineering/bin2oct/excel_bin2oct2.xq" time elapsed: 00:00:00
----------------------------------------------------------

38/403 Testing: zorba_excel_module/excel/engineering/bin2oct/excel_bin2oct3.xq
38/403 Test: zorba_excel_module/excel/engineering/bin2oct/excel_bin2oct3.xq
Command: "C:/Users/juanza/Zorba/Zorba/trunk/zorba/build/test/rbkt/Release/testdriver.exe" "--rbkt-src" "C:/Users/juanza/Zorba/modules/excel/test" "--module-path" "C:/Users/juanza/Zorba/modules/excel/src/;C:/Users/juanza/Zorba/modules/excel/build/src/" "excel/engineering/bin2oct/excel_bin2oct3.xq"
Directory: C:/Users/juanza/Zorba/modules/excel/build
"zorba_excel_module/excel/engineering/bin2oct/excel_bin2oct3.xq" start time: Mar 29 11:11 Central Standard Time (Mexico)
Output:
----------------------------------------------------------
i: 1, argc: 6
i: 3, argc: 6
i: 5, argc: 6
test excel/engineering/bin2oct/excel_bin2oct3
Hello C:/Users/juanza/Zorba/modules/excel/src/
Goodbyte C:/Users/juanza/Zorba/modules/excel/build/src/
=== Query: ===
import module namespace
excel-engineering = "http://www.zorba-xquery.com/modules/excel/engineering";

excel-engineering:bin2oct(1111111111)

=== end of Query ===
=== Result: ===
7777777777
=== end of result ===
testdriver: success (non-canonical result # 1 matches)
testdriver: test runtime was 70000us
testdriver: success
<end of output>
Test time =   0.22 sec
----------------------------------------------------------
Test Passed.
"zorba_excel_module/excel/engineering/bin2oct/excel_bin2oct3.xq" end time: Mar 29 11:11 Central Standard Time (Mexico)
"zorba_excel_module/excel/engineering/bin2oct/excel_bin2oct3.xq" time elapsed: 00:00:00
----------------------------------------------------------

39/403 Testing: zorba_excel_module/excel/engineering/dec2bin/excel_dec2bin1.xq
39/403 Test: zorba_excel_module/excel/engineering/dec2bin/excel_dec2bin1.xq
Command: "C:/Users/juanza/Zorba/Zorba/trunk/zorba/build/test/rbkt/Release/testdriver.exe" "--rbkt-src" "C:/Users/juanza/Zorba/modules/excel/test" "--module-path" "C:/Users/juanza/Zorba/modules/excel/src/;C:/Users/juanza/Zorba/modules/excel/build/src/" "excel/engineering/dec2bin/excel_dec2bin1.xq"
Directory: C:/Users/juanza/Zorba/modules/excel/build
"zorba_excel_module/excel/engineering/dec2bin/excel_dec2bin1.xq" start time: Mar 29 11:11 Central Standard Time (Mexico)
Output:
----------------------------------------------------------
i: 1, argc: 6
i: 3, argc: 6
i: 5, argc: 6
test excel/engineering/dec2bin/excel_dec2bin1
Hello C:/Users/juanza/Zorba/modules/excel/src/
Goodbyte C:/Users/juanza/Zorba/modules/excel/build/src/
=== Query: ===
import module namespace
excel-engineering = "http://www.zorba-xquery.com/modules/excel/engineering";

excel-engineering:dec2bin(xs:integer(100))
=== end of Query ===
=== Result: ===
1100100
=== end of result ===
testdriver: success (non-canonical result # 1 matches)
testdriver: test runtime was 55000us
testdriver: success
<end of output>
Test time =   0.19 sec
----------------------------------------------------------
Test Passed.
"zorba_excel_module/excel/engineering/dec2bin/excel_dec2bin1.xq" end time: Mar 29 11:11 Central Standard Time (Mexico)
"zorba_excel_module/excel/engineering/dec2bin/excel_dec2bin1.xq" time elapsed: 00:00:00
----------------------------------------------------------

40/403 Testing: zorba_excel_module/excel/engineering/dec2bin/excel_dec2bin10.xq
40/403 Test: zorba_excel_module/excel/engineering/dec2bin/excel_dec2bin10.xq
Command: "C:/Users/juanza/Zorba/Zorba/trunk/zorba/build/test/rbkt/Release/testdriver.exe" "--rbkt-src" "C:/Users/juanza/Zorba/modules/excel/test" "--module-path" "C:/Users/juanza/Zorba/modules/excel/src/;C:/Users/juanza/Zorba/modules/excel/build/src/" "excel/engineering/dec2bin/excel_dec2bin10.xq"
Directory: C:/Users/juanza/Zorba/modules/excel/build
"zorba_excel_module/excel/engineering/dec2bin/excel_dec2bin10.xq" start time: Mar 29 11:11 Central Standard Time (Mexico)
Output:
----------------------------------------------------------
i: 1, argc: 6
i: 3, argc: 6
i: 5, argc: 6
test excel/engineering/dec2bin/excel_dec2bin10
Hello C:/Users/juanza/Zorba/modules/excel/src/
Goodbyte C:/Users/juanza/Zorba/modules/excel/build/src/
=== Query: ===
import module namespace
excel-engineering = "http://www.zorba-xquery.com/modules/excel/engineering";

excel-engineering:dec2bin(511, 0)
=== end of Query ===
The following execution error occurred as expected:
XQP0021: Provided value for 'places' is zero or negative[line 426][column 9][file C:/Users/juanza/Zorba/zorbatrunk/modules/com/zorba-xquery/www/modules/excel/engineering.xq]
testdriver: test runtime was 67000us
testdriver: success
<end of output>
Test time =   0.20 sec
----------------------------------------------------------
Test Passed.
"zorba_excel_module/excel/engineering/dec2bin/excel_dec2bin10.xq" end time: Mar 29 11:11 Central Standard Time (Mexico)
"zorba_excel_module/excel/engineering/dec2bin/excel_dec2bin10.xq" time elapsed: 00:00:00
----------------------------------------------------------

41/403 Testing: zorba_excel_module/excel/engineering/dec2bin/excel_dec2bin11.xq
41/403 Test: zorba_excel_module/excel/engineering/dec2bin/excel_dec2bin11.xq
Command: "C:/Users/juanza/Zorba/Zorba/trunk/zorba/build/test/rbkt/Release/testdriver.exe" "--rbkt-src" "C:/Users/juanza/Zorba/modules/excel/test" "--module-path" "C:/Users/juanza/Zorba/modules/excel/src/;C:/Users/juanza/Zorba/modules/excel/build/src/" "excel/engineering/dec2bin/excel_dec2bin11.xq"
Directory: C:/Users/juanza/Zorba/modules/excel/build
"zorba_excel_module/excel/engineering/dec2bin/excel_dec2bin11.xq" start time: Mar 29 11:11 Central Standard Time (Mexico)
Output:
----------------------------------------------------------
i: 1, argc: 6
i: 3, argc: 6
i: 5, argc: 6
test excel/engineering/dec2bin/excel_dec2bin11
Hello C:/Users/juanza/Zorba/modules/excel/src/
Goodbyte C:/Users/juanza/Zorba/modules/excel/build/src/
=== Query: ===
import module namespace
excel-engineering = "http://www.zorba-xquery.com/modules/excel/engineering";

excel-engineering:dec2bin(511, -1)
=== end of Query ===
The following execution error occurred as expected:
XQP0021: Provided value for 'places' is zero or negative[line 426][column 9][file C:/Users/juanza/Zorba/zorbatrunk/modules/com/zorba-xquery/www/modules/excel/engineering.xq]
testdriver: test runtime was 73000us
testdriver: success
<end of output>
Test time =   0.21 sec
----------------------------------------------------------
Test Passed.
"zorba_excel_module/excel/engineering/dec2bin/excel_dec2bin11.xq" end time: Mar 29 11:11 Central Standard Time (Mexico)
"zorba_excel_module/excel/engineering/dec2bin/excel_dec2bin11.xq" time elapsed: 00:00:00
----------------------------------------------------------

42/403 Testing: zorba_excel_module/excel/engineering/dec2bin/excel_dec2bin2.xq
42/403 Test: zorba_excel_module/excel/engineering/dec2bin/excel_dec2bin2.xq
Command: "C:/Users/juanza/Zorba/Zorba/trunk/zorba/build/test/rbkt/Release/testdriver.exe" "--rbkt-src" "C:/Users/juanza/Zorba/modules/excel/test" "--module-path" "C:/Users/juanza/Zorba/modules/excel/src/;C:/Users/juanza/Zorba/modules/excel/build/src/" "excel/engineering/dec2bin/excel_dec2bin2.xq"
Directory: C:/Users/juanza/Zorba/modules/excel/build
"zorba_excel_module/excel/engineering/dec2bin/excel_dec2bin2.xq" start time: Mar 29 11:11 Central Standard Time (Mexico)
Output:
----------------------------------------------------------
i: 1, argc: 6
i: 3, argc: 6
i: 5, argc: 6
test excel/engineering/dec2bin/excel_dec2bin2
Hello C:/Users/juanza/Zorba/modules/excel/src/
Goodbyte C:/Users/juanza/Zorba/modules/excel/build/src/
=== Query: ===
import module namespace
excel-engineering = "http://www.zorba-xquery.com/modules/excel/engineering";

excel-engineering:dec2bin(-1)
=== end of Query ===
=== Result: ===
1111111111
=== end of result ===
testdriver: success (non-canonical result # 1 matches)
testdriver: test runtime was 56000us
testdriver: success
<end of output>
Test time =   0.17 sec
----------------------------------------------------------
Test Passed.
"zorba_excel_module/excel/engineering/dec2bin/excel_dec2bin2.xq" end time: Mar 29 11:11 Central Standard Time (Mexico)
"zorba_excel_module/excel/engineering/dec2bin/excel_dec2bin2.xq" time elapsed: 00:00:00
----------------------------------------------------------

43/403 Testing: zorba_excel_module/excel/engineering/dec2bin/excel_dec2bin3.xq
43/403 Test: zorba_excel_module/excel/engineering/dec2bin/excel_dec2bin3.xq
Command: "C:/Users/juanza/Zorba/Zorba/trunk/zorba/build/test/rbkt/Release/testdriver.exe" "--rbkt-src" "C:/Users/juanza/Zorba/modules/excel/test" "--module-path" "C:/Users/juanza/Zorba/modules/excel/src/;C:/Users/juanza/Zorba/modules/excel/build/src/" "excel/engineering/dec2bin/excel_dec2bin3.xq"
Directory: C:/Users/juanza/Zorba/modules/excel/build
"zorba_excel_module/excel/engineering/dec2bin/excel_dec2bin3.xq" start time: Mar 29 11:11 Central Standard Time (Mexico)
Output:
----------------------------------------------------------
i: 1, argc: 6
i: 3, argc: 6
i: 5, argc: 6
test excel/engineering/dec2bin/excel_dec2bin3
Hello C:/Users/juanza/Zorba/modules/excel/src/
Goodbyte C:/Users/juanza/Zorba/modules/excel/build/src/
=== Query: ===
import module namespace
excel-engineering = "http://www.zorba-xquery.com/modules/excel/engineering";

excel-engineering:dec2bin(xs:integer(100),8)
=== end of Query ===
=== Result: ===
01100100
=== end of result ===
testdriver: success (non-canonical result # 1 matches)
testdriver: test runtime was 54000us
testdriver: success
<end of output>
Test time =   0.16 sec
----------------------------------------------------------
Test Passed.
"zorba_excel_module/excel/engineering/dec2bin/excel_dec2bin3.xq" end time: Mar 29 11:11 Central Standard Time (Mexico)
"zorba_excel_module/excel/engineering/dec2bin/excel_dec2bin3.xq" time elapsed: 00:00:00
----------------------------------------------------------

44/403 Testing: zorba_excel_module/excel/engineering/dec2bin/excel_dec2bin4.xq
44/403 Test: zorba_excel_module/excel/engineering/dec2bin/excel_dec2bin4.xq
Command: "C:/Users/juanza/Zorba/Zorba/trunk/zorba/build/test/rbkt/Release/testdriver.exe" "--rbkt-src" "C:/Users/juanza/Zorba/modules/excel/test" "--module-path" "C:/Users/juanza/Zorba/modules/excel/src/;C:/Users/juanza/Zorba/modules/excel/build/src/" "excel/engineering/dec2bin/excel_dec2bin4.xq"
Directory: C:/Users/juanza/Zorba/modules/excel/build
"zorba_excel_module/excel/engineering/dec2bin/excel_dec2bin4.xq" start time: Mar 29 11:11 Central Standard Time (Mexico)
Output:
----------------------------------------------------------
i: 1, argc: 6
i: 3, argc: 6
i: 5, argc: 6
test excel/engineering/dec2bin/excel_dec2bin4
Hello C:/Users/juanza/Zorba/modules/excel/src/
Goodbyte C:/Users/juanza/Zorba/modules/excel/build/src/
=== Query: ===
import module namespace
excel-engineering = "http://www.zorba-xquery.com/modules/excel/engineering";

excel-engineering:dec2bin(xs:integer(-1),7)
=== end of Query ===
=== Result: ===
1111111111
=== end of result ===
testdriver: success (non-canonical result # 1 matches)
testdriver: test runtime was 74000us
testdriver: success
<end of output>
Test time =   0.18 sec
----------------------------------------------------------
Test Passed.
"zorba_excel_module/excel/engineering/dec2bin/excel_dec2bin4.xq" end time: Mar 29 11:11 Central Standard Time (Mexico)
"zorba_excel_module/excel/engineering/dec2bin/excel_dec2bin4.xq" time elapsed: 00:00:00
----------------------------------------------------------

45/403 Testing: zorba_excel_module/excel/engineering/dec2bin/excel_dec2bin5.xq
45/403 Test: zorba_excel_module/excel/engineering/dec2bin/excel_dec2bin5.xq
Command: "C:/Users/juanza/Zorba/Zorba/trunk/zorba/build/test/rbkt/Release/testdriver.exe" "--rbkt-src" "C:/Users/juanza/Zorba/modules/excel/test" "--module-path" "C:/Users/juanza/Zorba/modules/excel/src/;C:/Users/juanza/Zorba/modules/excel/build/src/" "excel/engineering/dec2bin/excel_dec2bin5.xq"
Directory: C:/Users/juanza/Zorba/modules/excel/build
"zorba_excel_module/excel/engineering/dec2bin/excel_dec2bin5.xq" start time: Mar 29 11:11 Central Standard Time (Mexico)
Output:
----------------------------------------------------------
i: 1, argc: 6
i: 3, argc: 6
i: 5, argc: 6
test excel/engineering/dec2bin/excel_dec2bin5
Hello C:/Users/juanza/Zorba/modules/excel/src/
Goodbyte C:/Users/juanza/Zorba/modules/excel/build/src/
=== Query: ===
import module namespace
excel-engineering = "http://www.zorba-xquery.com/modules/excel/engineering";

excel-engineering:dec2bin(xs:integer(-513))
=== end of Query ===
The following execution error occurred as expected:
XQP0021: Provided value for 'number' is smaller than -512 or bigger than 511[line 385][column 9][file C:/Users/juanza/Zorba/zorbatrunk/modules/com/zorba-xquery/www/modules/excel/engineering.xq]
testdriver: test runtime was 60000us
testdriver: success
<end of output>
Test time =   0.18 sec
----------------------------------------------------------
Test Passed.
"zorba_excel_module/excel/engineering/dec2bin/excel_dec2bin5.xq" end time: Mar 29 11:11 Central Standard Time (Mexico)
"zorba_excel_module/excel/engineering/dec2bin/excel_dec2bin5.xq" time elapsed: 00:00:00
----------------------------------------------------------

46/403 Testing: zorba_excel_module/excel/engineering/dec2bin/excel_dec2bin6.xq
46/403 Test: zorba_excel_module/excel/engineering/dec2bin/excel_dec2bin6.xq
Command: "C:/Users/juanza/Zorba/Zorba/trunk/zorba/build/test/rbkt/Release/testdriver.exe" "--rbkt-src" "C:/Users/juanza/Zorba/modules/excel/test" "--module-path" "C:/Users/juanza/Zorba/modules/excel/src/;C:/Users/juanza/Zorba/modules/excel/build/src/" "excel/engineering/dec2bin/excel_dec2bin6.xq"
Directory: C:/Users/juanza/Zorba/modules/excel/build
"zorba_excel_module/excel/engineering/dec2bin/excel_dec2bin6.xq" start time: Mar 29 11:11 Central Standard Time (Mexico)
Output:
----------------------------------------------------------
i: 1, argc: 6
i: 3, argc: 6
i: 5, argc: 6
test excel/engineering/dec2bin/excel_dec2bin6
Hello C:/Users/juanza/Zorba/modules/excel/src/
Goodbyte C:/Users/juanza/Zorba/modules/excel/build/src/
=== Query: ===
import module namespace
excel-engineering = "http://www.zorba-xquery.com/modules/excel/engineering";

excel-engineering:dec2bin(xs:integer(512))
=== end of Query ===
The following execution error occurred as expected:
XQP0021: Provided value for 'number' is smaller than -512 or bigger than 511[line 385][column 9][file C:/Users/juanza/Zorba/zorbatrunk/modules/com/zorba-xquery/www/modules/excel/engineering.xq]
testdriver: test runtime was 70000us
testdriver: success
<end of output>
Test time =   0.20 sec
----------------------------------------------------------
Test Passed.
"zorba_excel_module/excel/engineering/dec2bin/excel_dec2bin6.xq" end time: Mar 29 11:11 Central Standard Time (Mexico)
"zorba_excel_module/excel/engineering/dec2bin/excel_dec2bin6.xq" time elapsed: 00:00:00
----------------------------------------------------------

47/403 Testing: zorba_excel_module/excel/engineering/dec2bin/excel_dec2bin7.xq
47/403 Test: zorba_excel_module/excel/engineering/dec2bin/excel_dec2bin7.xq
Command: "C:/Users/juanza/Zorba/Zorba/trunk/zorba/build/test/rbkt/Release/testdriver.exe" "--rbkt-src" "C:/Users/juanza/Zorba/modules/excel/test" "--module-path" "C:/Users/juanza/Zorba/modules/excel/src/;C:/Users/juanza/Zorba/modules/excel/build/src/" "excel/engineering/dec2bin/excel_dec2bin7.xq"
Directory: C:/Users/juanza/Zorba/modules/excel/build
"zorba_excel_module/excel/engineering/dec2bin/excel_dec2bin7.xq" start time: Mar 29 11:11 Central Standard Time (Mexico)
Output:
----------------------------------------------------------
i: 1, argc: 6
i: 3, argc: 6
i: 5, argc: 6
test excel/engineering/dec2bin/excel_dec2bin7
Hello C:/Users/juanza/Zorba/modules/excel/src/
Goodbyte C:/Users/juanza/Zorba/modules/excel/build/src/
=== Query: ===
import module namespace
excel-engineering = "http://www.zorba-xquery.com/modules/excel/engineering";

excel-engineering:dec2bin("string")
=== end of Query ===
The following execution error occurred as expected:
XQP0021: Provided value for 'number' is not numeric[line 379][column 8][file C:/Users/juanza/Zorba/zorbatrunk/modules/com/zorba-xquery/www/modules/excel/engineering.xq]
testdriver: test runtime was 57000us
testdriver: success
<end of output>
Test time =   0.18 sec
----------------------------------------------------------
Test Passed.
"zorba_excel_module/excel/engineering/dec2bin/excel_dec2bin7.xq" end time: Mar 29 11:11 Central Standard Time (Mexico)
"zorba_excel_module/excel/engineering/dec2bin/excel_dec2bin7.xq" time elapsed: 00:00:00
----------------------------------------------------------

48/403 Testing: zorba_excel_module/excel/engineering/dec2bin/excel_dec2bin8.xq
48/403 Test: zorba_excel_module/excel/engineering/dec2bin/excel_dec2bin8.xq
Command: "C:/Users/juanza/Zorba/Zorba/trunk/zorba/build/test/rbkt/Release/testdriver.exe" "--rbkt-src" "C:/Users/juanza/Zorba/modules/excel/test" "--module-path" "C:/Users/juanza/Zorba/modules/excel/src/;C:/Users/juanza/Zorba/modules/excel/build/src/" "excel/engineering/dec2bin/excel_dec2bin8.xq"
Directory: C:/Users/juanza/Zorba/modules/excel/build
"zorba_excel_module/excel/engineering/dec2bin/excel_dec2bin8.xq" start time: Mar 29 11:11 Central Standard Time (Mexico)
Output:
----------------------------------------------------------
i: 1, argc: 6
i: 3, argc: 6
i: 5, argc: 6
test excel/engineering/dec2bin/excel_dec2bin8
Hello C:/Users/juanza/Zorba/modules/excel/src/
Goodbyte C:/Users/juanza/Zorba/modules/excel/build/src/
=== Query: ===
import module namespace
excel-engineering = "http://www.zorba-xquery.com/modules/excel/engineering";

excel-engineering:dec2bin(xs:integer(100),8.2)
=== end of Query ===
=== Result: ===
01100100
=== end of result ===
testdriver: success (non-canonical result # 1 matches)
testdriver: test runtime was 73000us
testdriver: success
<end of output>
Test time =   0.22 sec
----------------------------------------------------------
Test Passed.
"zorba_excel_module/excel/engineering/dec2bin/excel_dec2bin8.xq" end time: Mar 29 11:11 Central Standard Time (Mexico)
"zorba_excel_module/excel/engineering/dec2bin/excel_dec2bin8.xq" time elapsed: 00:00:00
----------------------------------------------------------

49/403 Testing: zorba_excel_module/excel/engineering/dec2bin/excel_dec2bin9.xq
49/403 Test: zorba_excel_module/excel/engineering/dec2bin/excel_dec2bin9.xq
Command: "C:/Users/juanza/Zorba/Zorba/trunk/zorba/build/test/rbkt/Release/testdriver.exe" "--rbkt-src" "C:/Users/juanza/Zorba/modules/excel/test" "--module-path" "C:/Users/juanza/Zorba/modules/excel/src/;C:/Users/juanza/Zorba/modules/excel/build/src/" "excel/engineering/dec2bin/excel_dec2bin9.xq"
Directory: C:/Users/juanza/Zorba/modules/excel/build
"zorba_excel_module/excel/engineering/dec2bin/excel_dec2bin9.xq" start time: Mar 29 11:11 Central Standard Time (Mexico)
Output:
----------------------------------------------------------
i: 1, argc: 6
i: 3, argc: 6
i: 5, argc: 6
test excel/engineering/dec2bin/excel_dec2bin9
Hello C:/Users/juanza/Zorba/modules/excel/src/
Goodbyte C:/Users/juanza/Zorba/modules/excel/build/src/
=== Query: ===
import module namespace
excel-engineering = "http://www.zorba-xquery.com/modules/excel/engineering";

excel-engineering:dec2bin(512, "string")
=== end of Query ===
The following execution error occurred as expected:
[...]
i: 1, argc: 6
i: 3, argc: 6
i: 5, argc: 6
test excel/text/right/excel_right3
Hello C:/Users/juanza/Zorba/modules/excel/src/
Goodbyte C:/Users/juanza/Zorba/modules/excel/build/src/
=== Query: ===
import module namespace
excel-text = "http://www.zorba-xquery.com/modules/excel/text";

excel-text:right('a string',100)

=== end of Query ===
=== Result: ===
a string
=== end of result ===
testdriver: success (non-canonical result # 1 matches)
testdriver: test runtime was 40000us
testdriver: success
<end of output>
Test time =   0.17 sec
----------------------------------------------------------
Test Passed.
"zorba_excel_module/excel/text/right/excel_right3.xq" end time: Mar 29 11:13 Central Standard Time (Mexico)
"zorba_excel_module/excel/text/right/excel_right3.xq" time elapsed: 00:00:00
----------------------------------------------------------

392/403 Testing: zorba_excel_module/excel/text/search/excel_search1.xq
392/403 Test: zorba_excel_module/excel/text/search/excel_search1.xq
Command: "C:/Users/juanza/Zorba/Zorba/trunk/zorba/build/test/rbkt/Release/testdriver.exe" "--rbkt-src" "C:/Users/juanza/Zorba/modules/excel/test" "--module-path" "C:/Users/juanza/Zorba/modules/excel/src/;C:/Users/juanza/Zorba/modules/excel/build/src/" "excel/text/search/excel_search1.xq"
Directory: C:/Users/juanza/Zorba/modules/excel/build
"zorba_excel_module/excel/text/search/excel_search1.xq" start time: Mar 29 11:13 Central Standard Time (Mexico)
Output:
----------------------------------------------------------
i: 1, argc: 6
i: 3, argc: 6
i: 5, argc: 6
test excel/text/search/excel_search1
Hello C:/Users/juanza/Zorba/modules/excel/src/
Goodbyte C:/Users/juanza/Zorba/modules/excel/build/src/
=== Query: ===
import module namespace
excel-text = "http://www.zorba-xquery.com/modules/excel/text";

excel-text:search("e","Statements",xs:integer(6))

=== end of Query ===
=== Result: ===
7
=== end of result ===
testdriver: success (non-canonical result # 1 matches)
testdriver: test runtime was 40000us
testdriver: success
<end of output>
Test time =   0.17 sec
----------------------------------------------------------
Test Passed.
"zorba_excel_module/excel/text/search/excel_search1.xq" end time: Mar 29 11:13 Central Standard Time (Mexico)
"zorba_excel_module/excel/text/search/excel_search1.xq" time elapsed: 00:00:00
----------------------------------------------------------

393/403 Testing: zorba_excel_module/excel/text/search/excel_search2.xq
393/403 Test: zorba_excel_module/excel/text/search/excel_search2.xq
Command: "C:/Users/juanza/Zorba/Zorba/trunk/zorba/build/test/rbkt/Release/testdriver.exe" "--rbkt-src" "C:/Users/juanza/Zorba/modules/excel/test" "--module-path" "C:/Users/juanza/Zorba/modules/excel/src/;C:/Users/juanza/Zorba/modules/excel/build/src/" "excel/text/search/excel_search2.xq"
Directory: C:/Users/juanza/Zorba/modules/excel/build
"zorba_excel_module/excel/text/search/excel_search2.xq" start time: Mar 29 11:13 Central Standard Time (Mexico)
Output:
----------------------------------------------------------
i: 1, argc: 6
i: 3, argc: 6
i: 5, argc: 6
test excel/text/search/excel_search2
Hello C:/Users/juanza/Zorba/modules/excel/src/
Goodbyte C:/Users/juanza/Zorba/modules/excel/build/src/
=== Query: ===
import module namespace
excel-text = "http://www.zorba-xquery.com/modules/excel/text";

excel-text:search("margin","Profit Margin")

=== end of Query ===
=== Result: ===
8
=== end of result ===
testdriver: success (non-canonical result # 1 matches)
testdriver: test runtime was 45000us
testdriver: success
<end of output>
Test time =   0.16 sec
----------------------------------------------------------
Test Passed.
"zorba_excel_module/excel/text/search/excel_search2.xq" end time: Mar 29 11:13 Central Standard Time (Mexico)
"zorba_excel_module/excel/text/search/excel_search2.xq" time elapsed: 00:00:00
----------------------------------------------------------

394/403 Testing: zorba_excel_module/excel/text/search/excel_search3.xq
394/403 Test: zorba_excel_module/excel/text/search/excel_search3.xq
Command: "C:/Users/juanza/Zorba/Zorba/trunk/zorba/build/test/rbkt/Release/testdriver.exe" "--rbkt-src" "C:/Users/juanza/Zorba/modules/excel/test" "--module-path" "C:/Users/juanza/Zorba/modules/excel/src/;C:/Users/juanza/Zorba/modules/excel/build/src/" "excel/text/search/excel_search3.xq"
Directory: C:/Users/juanza/Zorba/modules/excel/build
"zorba_excel_module/excel/text/search/excel_search3.xq" start time: Mar 29 11:13 Central Standard Time (Mexico)
Output:
----------------------------------------------------------
i: 1, argc: 6
i: 3, argc: 6
i: 5, argc: 6
test excel/text/search/excel_search3
Hello C:/Users/juanza/Zorba/modules/excel/src/
Goodbyte C:/Users/juanza/Zorba/modules/excel/build/src/
=== Query: ===
import module namespace
excel-text = "http://www.zorba-xquery.com/modules/excel/text";

excel-text:replace("Profit Margin",excel-text:search("margin","Profit Margin"),6,"Amount")

=== end of Query ===
=== Result: ===
Profit Amount
=== end of result ===
testdriver: success (non-canonical result # 1 matches)
testdriver: test runtime was 51000us
testdriver: success
<end of output>
Test time =   0.20 sec
----------------------------------------------------------
Test Passed.
"zorba_excel_module/excel/text/search/excel_search3.xq" end time: Mar 29 11:13 Central Standard Time (Mexico)
"zorba_excel_module/excel/text/search/excel_search3.xq" time elapsed: 00:00:00
----------------------------------------------------------

395/403 Testing: zorba_excel_module/excel/text/substitute/excel_substitute1.xq
395/403 Test: zorba_excel_module/excel/text/substitute/excel_substitute1.xq
Command: "C:/Users/juanza/Zorba/Zorba/trunk/zorba/build/test/rbkt/Release/testdriver.exe" "--rbkt-src" "C:/Users/juanza/Zorba/modules/excel/test" "--module-path" "C:/Users/juanza/Zorba/modules/excel/src/;C:/Users/juanza/Zorba/modules/excel/build/src/" "excel/text/substitute/excel_substitute1.xq"
Directory: C:/Users/juanza/Zorba/modules/excel/build
"zorba_excel_module/excel/text/substitute/excel_substitute1.xq" start time: Mar 29 11:13 Central Standard Time (Mexico)
Output:
----------------------------------------------------------
i: 1, argc: 6
i: 3, argc: 6
i: 5, argc: 6
test excel/text/substitute/excel_substitute1
Hello C:/Users/juanza/Zorba/modules/excel/src/
Goodbyte C:/Users/juanza/Zorba/modules/excel/build/src/
=== Query: ===
import module namespace
excel-text = "http://www.zorba-xquery.com/modules/excel/text";

excel-text:substitute("Sales Data","Sales","Cost")

=== end of Query ===
=== Result: ===
Cost Data
=== end of result ===
testdriver: success (non-canonical result # 1 matches)
testdriver: test runtime was 47000us
testdriver: success
<end of output>
Test time =   0.19 sec
----------------------------------------------------------
Test Passed.
"zorba_excel_module/excel/text/substitute/excel_substitute1.xq" end time: Mar 29 11:13 Central Standard Time (Mexico)
"zorba_excel_module/excel/text/substitute/excel_substitute1.xq" time elapsed: 00:00:00
----------------------------------------------------------

396/403 Testing: zorba_excel_module/excel/text/substitute/excel_substitute2.xq
396/403 Test: zorba_excel_module/excel/text/substitute/excel_substitute2.xq
Command: "C:/Users/juanza/Zorba/Zorba/trunk/zorba/build/test/rbkt/Release/testdriver.exe" "--rbkt-src" "C:/Users/juanza/Zorba/modules/excel/test" "--module-path" "C:/Users/juanza/Zorba/modules/excel/src/;C:/Users/juanza/Zorba/modules/excel/build/src/" "excel/text/substitute/excel_substitute2.xq"
Directory: C:/Users/juanza/Zorba/modules/excel/build
"zorba_excel_module/excel/text/substitute/excel_substitute2.xq" start time: Mar 29 11:13 Central Standard Time (Mexico)
Output:
----------------------------------------------------------
i: 1, argc: 6
i: 3, argc: 6
i: 5, argc: 6
test excel/text/substitute/excel_substitute2
Hello C:/Users/juanza/Zorba/modules/excel/src/
Goodbyte C:/Users/juanza/Zorba/modules/excel/build/src/
=== Query: ===
import module namespace
excel-text = "http://www.zorba-xquery.com/modules/excel/text";

excel-text:substitute("Quarter 1, 2008","1","2",1)

=== end of Query ===
=== Result: ===
Quarter 2, 2008
=== end of result ===
testdriver: success (non-canonical result # 1 matches)
testdriver: test runtime was 46000us
testdriver: success
<end of output>
Test time =   0.19 sec
----------------------------------------------------------
Test Passed.
"zorba_excel_module/excel/text/substitute/excel_substitute2.xq" end time: Mar 29 11:13 Central Standard Time (Mexico)
"zorba_excel_module/excel/text/substitute/excel_substitute2.xq" time elapsed: 00:00:00
----------------------------------------------------------

397/403 Testing: zorba_excel_module/excel/text/substitute/excel_substitute3.xq
397/403 Test: zorba_excel_module/excel/text/substitute/excel_substitute3.xq
Command: "C:/Users/juanza/Zorba/Zorba/trunk/zorba/build/test/rbkt/Release/testdriver.exe" "--rbkt-src" "C:/Users/juanza/Zorba/modules/excel/test" "--module-path" "C:/Users/juanza/Zorba/modules/excel/src/;C:/Users/juanza/Zorba/modules/excel/build/src/" "excel/text/substitute/excel_substitute3.xq"
Directory: C:/Users/juanza/Zorba/modules/excel/build
"zorba_excel_module/excel/text/substitute/excel_substitute3.xq" start time: Mar 29 11:13 Central Standard Time (Mexico)
Output:
----------------------------------------------------------
i: 1, argc: 6
i: 3, argc: 6
i: 5, argc: 6
test excel/text/substitute/excel_substitute3
Hello C:/Users/juanza/Zorba/modules/excel/src/
Goodbyte C:/Users/juanza/Zorba/modules/excel/build/src/
=== Query: ===
import module namespace
excel-text = "http://www.zorba-xquery.com/modules/excel/text";

excel-text:substitute("Quarter 1, 2011","1","2",3)

=== end of Query ===
=== Result: ===
Quarter 1, 2012
=== end of result ===
testdriver: success (non-canonical result # 1 matches)
testdriver: test runtime was 40000us
testdriver: success
<end of output>
Test time =   0.16 sec
----------------------------------------------------------
Test Passed.
"zorba_excel_module/excel/text/substitute/excel_substitute3.xq" end time: Mar 29 11:13 Central Standard Time (Mexico)
"zorba_excel_module/excel/text/substitute/excel_substitute3.xq" time elapsed: 00:00:00
----------------------------------------------------------

398/403 Testing: zorba_excel_module/excel/text/substitute/excel_substitute4.xq
398/403 Test: zorba_excel_module/excel/text/substitute/excel_substitute4.xq
Command: "C:/Users/juanza/Zorba/Zorba/trunk/zorba/build/test/rbkt/Release/testdriver.exe" "--rbkt-src" "C:/Users/juanza/Zorba/modules/excel/test" "--module-path" "C:/Users/juanza/Zorba/modules/excel/src/;C:/Users/juanza/Zorba/modules/excel/build/src/" "excel/text/substitute/excel_substitute4.xq"
Directory: C:/Users/juanza/Zorba/modules/excel/build
"zorba_excel_module/excel/text/substitute/excel_substitute4.xq" start time: Mar 29 11:13 Central Standard Time (Mexico)
Output:
----------------------------------------------------------
i: 1, argc: 6
i: 3, argc: 6
i: 5, argc: 6
test excel/text/substitute/excel_substitute4
Hello C:/Users/juanza/Zorba/modules/excel/src/
Goodbyte C:/Users/juanza/Zorba/modules/excel/build/src/
=== Query: ===
import module namespace
excel-text = "http://www.zorba-xquery.com/modules/excel/text";

excel-text:substitute("abababa","aba","x",1)

=== end of Query ===
=== Result: ===
xbaba
=== end of result ===
testdriver: success (non-canonical result # 1 matches)
testdriver: test runtime was 40000us
testdriver: success
<end of output>
Test time =   0.17 sec
----------------------------------------------------------
Test Passed.
"zorba_excel_module/excel/text/substitute/excel_substitute4.xq" end time: Mar 29 11:13 Central Standard Time (Mexico)
"zorba_excel_module/excel/text/substitute/excel_substitute4.xq" time elapsed: 00:00:00
----------------------------------------------------------

399/403 Testing: zorba_excel_module/excel/text/substitute/excel_substitute5.xq
399/403 Test: zorba_excel_module/excel/text/substitute/excel_substitute5.xq
Command: "C:/Users/juanza/Zorba/Zorba/trunk/zorba/build/test/rbkt/Release/testdriver.exe" "--rbkt-src" "C:/Users/juanza/Zorba/modules/excel/test" "--module-path" "C:/Users/juanza/Zorba/modules/excel/src/;C:/Users/juanza/Zorba/modules/excel/build/src/" "excel/text/substitute/excel_substitute5.xq"
Directory: C:/Users/juanza/Zorba/modules/excel/build
"zorba_excel_module/excel/text/substitute/excel_substitute5.xq" start time: Mar 29 11:13 Central Standard Time (Mexico)
Output:
----------------------------------------------------------
i: 1, argc: 6
i: 3, argc: 6
i: 5, argc: 6
test excel/text/substitute/excel_substitute5
Hello C:/Users/juanza/Zorba/modules/excel/src/
Goodbyte C:/Users/juanza/Zorba/modules/excel/build/src/
=== Query: ===
import module namespace
excel-text = "http://www.zorba-xquery.com/modules/excel/text";

excel-text:substitute("abababa","aba","x",2)

=== end of Query ===
=== Result: ===
abxba
=== end of result ===
testdriver: success (non-canonical result # 1 matches)
testdriver: test runtime was 40000us
testdriver: success
<end of output>
Test time =   0.15 sec
----------------------------------------------------------
Test Passed.
"zorba_excel_module/excel/text/substitute/excel_substitute5.xq" end time: Mar 29 11:13 Central Standard Time (Mexico)
"zorba_excel_module/excel/text/substitute/excel_substitute5.xq" time elapsed: 00:00:00
----------------------------------------------------------

400/403 Testing: zorba_excel_module/excel/text/substitute/excel_substitute6.xq
400/403 Test: zorba_excel_module/excel/text/substitute/excel_substitute6.xq
Command: "C:/Users/juanza/Zorba/Zorba/trunk/zorba/build/test/rbkt/Release/testdriver.exe" "--rbkt-src" "C:/Users/juanza/Zorba/modules/excel/test" "--module-path" "C:/Users/juanza/Zorba/modules/excel/src/;C:/Users/juanza/Zorba/modules/excel/build/src/" "excel/text/substitute/excel_substitute6.xq"
Directory: C:/Users/juanza/Zorba/modules/excel/build
"zorba_excel_module/excel/text/substitute/excel_substitute6.xq" start time: Mar 29 11:13 Central Standard Time (Mexico)
Output:
----------------------------------------------------------
i: 1, argc: 6
i: 3, argc: 6
i: 5, argc: 6
test excel/text/substitute/excel_substitute6
Hello C:/Users/juanza/Zorba/modules/excel/src/
Goodbyte C:/Users/juanza/Zorba/modules/excel/build/src/
=== Query: ===
import module namespace
excel-text = "http://www.zorba-xquery.com/modules/excel/text";

excel-text:substitute("abababa","aba","x",3)

=== end of Query ===
=== Result: ===
ababx
=== end of result ===
testdriver: success (non-canonical result # 1 matches)
testdriver: test runtime was 50000us
testdriver: success
<end of output>
Test time =   0.17 sec
----------------------------------------------------------
Test Passed.
"zorba_excel_module/excel/text/substitute/excel_substitute6.xq" end time: Mar 29 11:13 Central Standard Time (Mexico)
"zorba_excel_module/excel/text/substitute/excel_substitute6.xq" time elapsed: 00:00:00
----------------------------------------------------------

401/403 Testing: zorba_excel_module/excel/text/substitute/excel_substitute7.xq
401/403 Test: zorba_excel_module/excel/text/substitute/excel_substitute7.xq
Command: "C:/Users/juanza/Zorba/Zorba/trunk/zorba/build/test/rbkt/Release/testdriver.exe" "--rbkt-src" "C:/Users/juanza/Zorba/modules/excel/test" "--module-path" "C:/Users/juanza/Zorba/modules/excel/src/;C:/Users/juanza/Zorba/modules/excel/build/src/" "excel/text/substitute/excel_substitute7.xq"
Directory: C:/Users/juanza/Zorba/modules/excel/build
"zorba_excel_module/excel/text/substitute/excel_substitute7.xq" start time: Mar 29 11:13 Central Standard Time (Mexico)
Output:
----------------------------------------------------------
i: 1, argc: 6
i: 3, argc: 6
i: 5, argc: 6
test excel/text/substitute/excel_substitute7
Hello C:/Users/juanza/Zorba/modules/excel/src/
Goodbyte C:/Users/juanza/Zorba/modules/excel/build/src/
=== Query: ===
import module namespace
excel-text = "http://www.zorba-xquery.com/modules/excel/text";

excel-text:substitute("abababa","aba","x",6)

=== end of Query ===
=== Result: ===
abababa
=== end of result ===
testdriver: success (non-canonical result # 1 matches)
testdriver: test runtime was 46000us
testdriver: success
<end of output>
Test time =   0.17 sec
----------------------------------------------------------
Test Passed.
"zorba_excel_module/excel/text/substitute/excel_substitute7.xq" end time: Mar 29 11:13 Central Standard Time (Mexico)
"zorba_excel_module/excel/text/substitute/excel_substitute7.xq" time elapsed: 00:00:00
----------------------------------------------------------

402/403 Testing: zorba_excel_module/excel/text/t/excel_t1.xq
402/403 Test: zorba_excel_module/excel/text/t/excel_t1.xq
Command: "C:/Users/juanza/Zorba/Zorba/trunk/zorba/build/test/rbkt/Release/testdriver.exe" "--rbkt-src" "C:/Users/juanza/Zorba/modules/excel/test" "--module-path" "C:/Users/juanza/Zorba/modules/excel/src/;C:/Users/juanza/Zorba/modules/excel/build/src/" "excel/text/t/excel_t1.xq"
Directory: C:/Users/juanza/Zorba/modules/excel/build
"zorba_excel_module/excel/text/t/excel_t1.xq" start time: Mar 29 11:13 Central Standard Time (Mexico)
Output:
----------------------------------------------------------
i: 1, argc: 6
i: 3, argc: 6
i: 5, argc: 6
test excel/text/t/excel_t1
Hello C:/Users/juanza/Zorba/modules/excel/src/
Goodbyte C:/Users/juanza/Zorba/modules/excel/build/src/
=== Query: ===
import module namespace
excel-text = "http://www.zorba-xquery.com/modules/excel/text";

excel-text:t("text")

=== end of Query ===
=== Result: ===
text
=== end of result ===
testdriver: success (non-canonical result # 1 matches)
testdriver: test runtime was 42000us
testdriver: success
<end of output>
Test time =   0.18 sec
----------------------------------------------------------
Test Passed.
"zorba_excel_module/excel/text/t/excel_t1.xq" end time: Mar 29 11:13 Central Standard Time (Mexico)
"zorba_excel_module/excel/text/t/excel_t1.xq" time elapsed: 00:00:00
----------------------------------------------------------

403/403 Testing: zorba_excel_module/excel/text/t/excel_t2.xq
403/403 Test: zorba_excel_module/excel/text/t/excel_t2.xq
Command: "C:/Users/juanza/Zorba/Zorba/trunk/zorba/build/test/rbkt/Release/testdriver.exe" "--rbkt-src" "C:/Users/juanza/Zorba/modules/excel/test" "--module-path" "C:/Users/juanza/Zorba/modules/excel/src/;C:/Users/juanza/Zorba/modules/excel/build/src/" "excel/text/t/excel_t2.xq"
Directory: C:/Users/juanza/Zorba/modules/excel/build
"zorba_excel_module/excel/text/t/excel_t2.xq" start time: Mar 29 11:13 Central Standard Time (Mexico)
Output:
----------------------------------------------------------
i: 1, argc: 6
i: 3, argc: 6
i: 5, argc: 6
test excel/text/t/excel_t2
Hello C:/Users/juanza/Zorba/modules/excel/src/
Goodbyte C:/Users/juanza/Zorba/modules/excel/build/src/
=== Query: ===
import module namespace
excel-text = "http://www.zorba-xquery.com/modules/excel/text";

excel-text:t(xs:integer(2))

=== end of Query ===
=== Result: ===

=== end of result ===
testdriver: success (non-canonical result # 1 matches)
testdriver: test runtime was 32000us
testdriver: success
<end of output>
Test time =   0.17 sec
----------------------------------------------------------
Test Passed.
"zorba_excel_module/excel/text/t/excel_t2.xq" end time: Mar 29 11:13 Central Standard Time (Mexico)
"zorba_excel_module/excel/text/t/excel_t2.xq" time elapsed: 00:00:00
----------------------------------------------------------

End testing: Mar 29 11:13 Central Standard Time (Mexico)
